TN:
SF:src\App.jsx
FN:45,App
FN:51,(anonymous_1)
FN:53,(anonymous_2)
FN:64,(anonymous_3)
FN:67,(anonymous_4)
FN:76,(anonymous_5)
FN:82,(anonymous_6)
FN:87,(anonymous_7)
FN:90,(anonymous_8)
FNF:9
FNH:0
FNDA:0,App
FNDA:0,(anonymous_1)
FNDA:0,(anonymous_2)
FNDA:0,(anonymous_3)
FNDA:0,(anonymous_4)
FNDA:0,(anonymous_5)
FNDA:0,(anonymous_6)
FNDA:0,(anonymous_7)
FNDA:0,(anonymous_8)
DA:41,0
DA:42,0
DA:46,0
DA:47,0
DA:48,0
DA:49,0
DA:51,0
DA:53,0
DA:54,0
DA:55,0
DA:56,0
DA:58,0
DA:61,0
DA:62,0
DA:64,0
DA:67,0
DA:69,0
DA:70,0
DA:72,0
DA:75,0
DA:76,0
DA:79,0
DA:82,0
DA:83,0
DA:84,0
DA:87,0
DA:90,0
DA:91,0
DA:92,0
DA:95,0
DA:96,0
DA:113,0
DA:114,0
DA:121,0
LF:34
LH:0
BRDA:41,0,0,0
BRDA:41,0,1,0
BRDA:56,1,0,0
BRDA:56,1,1,0
BRDA:56,2,0,0
BRDA:56,2,1,0
BRDA:56,3,0,0
BRDA:56,3,1,0
BRDA:75,4,0,0
BRDA:75,4,1,0
BRDA:75,5,0,0
BRDA:75,5,1,0
BRDA:95,6,0,0
BRDA:95,6,1,0
BRDA:113,7,0,0
BRDA:113,7,1,0
BRDA:131,8,0,0
BRDA:131,8,1,0
BRDA:131,9,0,0
BRDA:131,9,1,0
BRDA:169,10,0,0
BRDA:169,10,1,0
BRDA:177,11,0,0
BRDA:177,11,1,0
BRF:24
BRH:0
end_of_record
TN:
SF:src\components\BottomNavigation.jsx
FN:4,BottomNavigation
FN:50,(anonymous_1)
FN:55,(anonymous_2)
FNF:3
FNH:3
FNDA:15,BottomNavigation
FNDA:75,(anonymous_1)
FNDA:5,(anonymous_2)
DA:5,15
DA:6,15
DA:8,15
DA:46,15
DA:51,75
DA:52,75
DA:55,5
LF:7
LH:7
BRDA:57,0,0,15
BRDA:57,0,1,60
BRDA:64,1,0,75
BRDA:64,1,1,15
BRF:4
BRH:4
end_of_record
TN:
SF:src\components\Header.jsx
FN:7,Header
FN:36,(anonymous_1)
FN:50,(anonymous_2)
FN:66,(anonymous_3)
FNF:4
FNH:4
FNDA:11,Header
FNDA:2,(anonymous_1)
FNDA:1,(anonymous_2)
FNDA:1,(anonymous_3)
DA:8,11
DA:9,11
DA:10,11
DA:11,11
DA:13,11
DA:36,2
DA:50,1
DA:66,1
LF:8
LH:8
BRDA:41,0,0,11
BRDA:41,0,1,0
BRDA:43,1,0,0
BRDA:43,1,1,0
BRDA:48,2,0,11
BRDA:48,2,1,2
BRF:6
BRH:3
end_of_record
TN:
SF:src\components\Layout.jsx
FN:5,Layout
FNF:1
FNH:1
FNDA:11,Layout
DA:6,11
DA:7,11
DA:15,11
DA:17,11
LF:4
LH:4
BRDA:7,0,0,11
BRDA:7,0,1,10
BRDA:7,0,2,9
BRDA:7,0,3,8
BRDA:7,0,4,7
BRDA:7,0,5,6
BRDA:7,0,6,5
BRDA:19,1,0,11
BRDA:19,1,1,4
BRDA:20,2,0,4
BRDA:20,2,1,7
BRDA:23,3,0,11
BRDA:23,3,1,7
BRF:13
BRH:13
end_of_record
TN:
SF:src\components\gems\FoodGems.jsx
FN:29,FoodGems
FN:260,(anonymous_1)
FN:263,(anonymous_2)
FN:264,(anonymous_3)
FN:269,(anonymous_4)
FN:284,(anonymous_5)
FN:294,(anonymous_6)
FN:303,(anonymous_7)
FN:333,(anonymous_8)
FN:340,(anonymous_9)
FN:345,(anonymous_10)
FN:363,(anonymous_11)
FN:366,(anonymous_12)
FN:373,(anonymous_13)
FN:376,(anonymous_14)
FN:397,(anonymous_15)
FN:426,(anonymous_16)
FN:444,(anonymous_17)
FN:556,(anonymous_18)
FNF:19
FNH:0
FNDA:0,FoodGems
FNDA:0,(anonymous_1)
FNDA:0,(anonymous_2)
FNDA:0,(anonymous_3)
FNDA:0,(anonymous_4)
FNDA:0,(anonymous_5)
FNDA:0,(anonymous_6)
FNDA:0,(anonymous_7)
FNDA:0,(anonymous_8)
FNDA:0,(anonymous_9)
FNDA:0,(anonymous_10)
FNDA:0,(anonymous_11)
FNDA:0,(anonymous_12)
FNDA:0,(anonymous_13)
FNDA:0,(anonymous_14)
FNDA:0,(anonymous_15)
FNDA:0,(anonymous_16)
FNDA:0,(anonymous_17)
FNDA:0,(anonymous_18)
DA:30,0
DA:31,0
DA:32,0
DA:33,0
DA:34,0
DA:35,0
DA:38,0
DA:234,0
DA:244,0
DA:251,0
DA:259,0
DA:261,0
DA:263,0
DA:264,0
DA:265,0
DA:266,0
DA:267,0
DA:270,0
DA:272,0
DA:274,0
DA:276,0
DA:278,0
DA:280,0
DA:284,0
DA:285,0
DA:286,0
DA:287,0
DA:289,0
DA:291,0
DA:294,0
DA:295,0
DA:296,0
DA:297,0
DA:298,0
DA:299,0
DA:303,0
DA:304,0
DA:305,0
DA:306,0
DA:307,0
DA:308,0
DA:309,0
DA:310,0
DA:314,0
DA:333,0
DA:341,0
DA:342,0
DA:345,0
DA:363,0
DA:367,0
DA:373,0
DA:377,0
DA:398,0
DA:426,0
DA:445,0
DA:557,0
DA:558,0
DA:559,0
LF:58
LH:0
BRDA:261,0,0,0
BRDA:261,0,1,0
BRDA:261,0,2,0
BRDA:261,0,3,0
BRDA:265,1,0,0
BRDA:265,1,1,0
BRDA:266,2,0,0
BRDA:266,2,1,0
BRDA:267,3,0,0
BRDA:267,3,1,0
BRDA:267,3,2,0
BRDA:270,4,0,0
BRDA:270,4,1,0
BRDA:270,4,2,0
BRDA:270,4,3,0
BRDA:270,4,4,0
BRDA:286,5,0,0
BRDA:286,5,1,0
BRDA:295,6,0,0
BRDA:295,6,1,0
BRDA:295,6,2,0
BRDA:295,6,3,0
BRDA:304,7,0,0
BRDA:304,7,1,0
BRDA:304,7,2,0
BRDA:304,7,3,0
BRDA:304,7,4,0
BRDA:304,7,5,0
BRDA:347,8,0,0
BRDA:347,8,1,0
BRDA:404,9,0,0
BRDA:404,9,1,0
BRDA:428,10,0,0
BRDA:428,10,1,0
BRDA:433,11,0,0
BRDA:433,11,1,0
BRDA:481,12,0,0
BRDA:481,12,1,0
BRDA:486,13,0,0
BRDA:486,13,1,0
BRDA:514,14,0,0
BRDA:514,14,1,0
BRDA:514,14,2,0
BRDA:533,15,0,0
BRDA:533,15,1,0
BRDA:533,15,2,0
BRDA:550,16,0,0
BRDA:550,16,1,0
BRF:48
BRH:0
end_of_record
TN:
SF:src\components\gems\HiddenGems.jsx
FN:20,HiddenGems
FN:150,(anonymous_1)
FN:153,(anonymous_2)
FN:157,(anonymous_3)
FN:170,(anonymous_4)
FN:180,(anonymous_5)
FN:189,(anonymous_6)
FN:217,(anonymous_7)
FN:224,(anonymous_8)
FN:229,(anonymous_9)
FN:247,(anonymous_10)
FN:250,(anonymous_11)
FN:256,(anonymous_12)
FN:279,(anonymous_13)
FN:302,(anonymous_14)
FN:318,(anonymous_15)
FN:387,(anonymous_16)
FNF:17
FNH:0
FNDA:0,HiddenGems
FNDA:0,(anonymous_1)
FNDA:0,(anonymous_2)
FNDA:0,(anonymous_3)
FNDA:0,(anonymous_4)
FNDA:0,(anonymous_5)
FNDA:0,(anonymous_6)
FNDA:0,(anonymous_7)
FNDA:0,(anonymous_8)
FNDA:0,(anonymous_9)
FNDA:0,(anonymous_10)
FNDA:0,(anonymous_11)
FNDA:0,(anonymous_12)
FNDA:0,(anonymous_13)
FNDA:0,(anonymous_14)
FNDA:0,(anonymous_15)
FNDA:0,(anonymous_16)
DA:21,0
DA:22,0
DA:23,0
DA:24,0
DA:25,0
DA:28,0
DA:132,0
DA:141,0
DA:149,0
DA:151,0
DA:153,0
DA:154,0
DA:155,0
DA:158,0
DA:160,0
DA:162,0
DA:164,0
DA:166,0
DA:170,0
DA:171,0
DA:172,0
DA:173,0
DA:175,0
DA:177,0
DA:180,0
DA:181,0
DA:182,0
DA:183,0
DA:184,0
DA:185,0
DA:189,0
DA:190,0
DA:191,0
DA:192,0
DA:193,0
DA:194,0
DA:198,0
DA:217,0
DA:225,0
DA:226,0
DA:229,0
DA:247,0
DA:251,0
DA:256,0
DA:280,0
DA:302,0
DA:319,0
DA:388,0
DA:389,0
LF:49
LH:0
BRDA:151,0,0,0
BRDA:151,0,1,0
BRDA:151,0,2,0
BRDA:154,1,0,0
BRDA:154,1,1,0
BRDA:155,2,0,0
BRDA:155,2,1,0
BRDA:158,3,0,0
BRDA:158,3,1,0
BRDA:158,3,2,0
BRDA:158,3,3,0
BRDA:172,4,0,0
BRDA:172,4,1,0
BRDA:181,5,0,0
BRDA:181,5,1,0
BRDA:181,5,2,0
BRDA:181,5,3,0
BRDA:190,6,0,0
BRDA:190,6,1,0
BRDA:190,6,2,0
BRDA:190,6,3,0
BRDA:231,7,0,0
BRDA:231,7,1,0
BRDA:304,8,0,0
BRDA:304,8,1,0
BRDA:309,9,0,0
BRDA:309,9,1,0
BRDA:381,10,0,0
BRDA:381,10,1,0
BRF:29
BRH:0
end_of_record
TN:
SF:src\components\gems\index.js
FNF:0
FNH:0
LF:0
LH:0
BRF:0
BRH:0
end_of_record
TN:
SF:src\components\notifications\AchievementNotification.jsx
FN:5,AchievementNotification
FN:11,(anonymous_1)
FN:29,(anonymous_2)
FN:33,(anonymous_3)
FN:35,(anonymous_4)
FN:38,(anonymous_5)
FN:56,(anonymous_6)
FN:71,(anonymous_7)
FN:93,(anonymous_8)
FN:119,(anonymous_9)
FN:125,(anonymous_10)
FN:183,(anonymous_11)
FN:239,(anonymous_12)
FN:250,(anonymous_13)
FNF:14
FNH:0
FNDA:0,AchievementNotification
FNDA:0,(anonymous_1)
FNDA:0,(anonymous_2)
FNDA:0,(anonymous_3)
FNDA:0,(anonymous_4)
FNDA:0,(anonymous_5)
FNDA:0,(anonymous_6)
FNDA:0,(anonymous_7)
FNDA:0,(anonymous_8)
FNDA:0,(anonymous_9)
FNDA:0,(anonymous_10)
FNDA:0,(anonymous_11)
FNDA:0,(anonymous_12)
FNDA:0,(anonymous_13)
DA:6,0
DA:7,0
DA:8,0
DA:9,0
DA:11,0
DA:12,0
DA:13,0
DA:14,0
DA:17,0
DA:29,0
DA:33,0
DA:34,0
DA:35,0
DA:38,0
DA:39,0
DA:40,0
DA:42,0
DA:44,0
DA:46,0
DA:48,0
DA:50,0
DA:53,0
DA:56,0
DA:57,0
DA:59,0
DA:61,0
DA:63,0
DA:65,0
DA:67,0
DA:71,0
DA:72,0
DA:74,0
DA:76,0
DA:78,0
DA:80,0
DA:82,0
DA:86,0
DA:88,0
DA:94,0
DA:119,0
DA:126,0
DA:183,0
DA:240,0
DA:241,0
DA:251,0
DA:252,0
LF:46
LH:0
BRDA:12,0,0,0
BRDA:12,0,1,0
BRDA:39,1,0,0
BRDA:39,1,1,0
BRDA:40,2,0,0
BRDA:40,2,1,0
BRDA:40,2,2,0
BRDA:40,2,3,0
BRDA:40,2,4,0
BRDA:57,3,0,0
BRDA:57,3,1,0
BRDA:57,3,2,0
BRDA:57,3,3,0
BRDA:57,3,4,0
BRDA:72,4,0,0
BRDA:72,4,1,0
BRDA:72,4,2,0
BRDA:72,4,3,0
BRDA:72,4,4,0
BRDA:82,5,0,0
BRDA:82,5,1,0
BRDA:86,6,0,0
BRDA:86,6,1,0
BRDA:91,7,0,0
BRDA:91,7,1,0
BRDA:111,8,0,0
BRDA:111,8,1,0
BRDA:117,9,0,0
BRDA:117,9,1,0
BRDA:150,10,0,0
BRDA:150,10,1,0
BRDA:186,11,0,0
BRDA:186,11,1,0
BRDA:190,12,0,0
BRDA:190,12,1,0
BRDA:197,13,0,0
BRDA:197,13,1,0
BRDA:203,14,0,0
BRDA:203,14,1,0
BRDA:213,15,0,0
BRDA:213,15,1,0
BRDA:226,16,0,0
BRDA:226,16,1,0
BRDA:237,17,0,0
BRDA:237,17,1,0
BRF:45
BRH:0
end_of_record
TN:
SF:src\components\notifications\BatteryOptimizationWarning.jsx
FN:5,BatteryOptimizationWarning
FN:17,(anonymous_1)
FN:19,(anonymous_2)
FN:27,(anonymous_3)
FN:28,(anonymous_4)
FN:31,(anonymous_5)
FN:32,(anonymous_6)
FN:46,(anonymous_7)
FN:48,(anonymous_8)
FN:64,(anonymous_9)
FN:74,(anonymous_10)
FN:78,(anonymous_11)
FN:90,(anonymous_12)
FN:100,(anonymous_13)
FN:104,(anonymous_14)
FN:111,(anonymous_15)
FN:116,(anonymous_16)
FN:130,(anonymous_17)
FN:196,(anonymous_18)
FN:226,(anonymous_19)
FN:315,(anonymous_20)
FNF:21
FNH:0
FNDA:0,BatteryOptimizationWarning
FNDA:0,(anonymous_1)
FNDA:0,(anonymous_2)
FNDA:0,(anonymous_3)
FNDA:0,(anonymous_4)
FNDA:0,(anonymous_5)
FNDA:0,(anonymous_6)
FNDA:0,(anonymous_7)
FNDA:0,(anonymous_8)
FNDA:0,(anonymous_9)
FNDA:0,(anonymous_10)
FNDA:0,(anonymous_11)
FNDA:0,(anonymous_12)
FNDA:0,(anonymous_13)
FNDA:0,(anonymous_14)
FNDA:0,(anonymous_15)
FNDA:0,(anonymous_16)
FNDA:0,(anonymous_17)
FNDA:0,(anonymous_18)
FNDA:0,(anonymous_19)
FNDA:0,(anonymous_20)
DA:6,0
DA:7,0
DA:12,0
DA:13,0
DA:14,0
DA:17,0
DA:18,0
DA:19,0
DA:20,0
DA:27,0
DA:28,0
DA:31,0
DA:32,0
DA:37,0
DA:46,0
DA:48,0
DA:50,0
DA:51,0
DA:53,0
DA:54,0
DA:55,0
DA:57,0
DA:64,0
DA:67,0
DA:71,0
DA:72,0
DA:74,0
DA:78,0
DA:79,0
DA:80,0
DA:90,0
DA:91,0
DA:92,0
DA:93,0
DA:94,0
DA:96,0
DA:100,0
DA:101,0
DA:104,0
DA:105,0
DA:106,0
DA:107,0
DA:108,0
DA:111,0
DA:113,0
DA:116,0
DA:117,0
DA:118,0
DA:120,0
DA:130,0
DA:132,0
DA:134,0
DA:137,0
DA:141,0
DA:196,0
DA:226,0
DA:315,0
LF:57
LH:0
BRDA:18,0,0,0
BRDA:18,0,1,0
BRDA:53,1,0,0
BRDA:53,1,1,0
BRDA:53,2,0,0
BRDA:53,2,1,0
BRDA:79,3,0,0
BRDA:79,3,1,0
BRDA:79,4,0,0
BRDA:79,4,1,0
BRDA:91,5,0,0
BRDA:91,5,1,0
BRDA:93,6,0,0
BRDA:93,6,1,0
BRDA:105,7,0,0
BRDA:105,7,1,0
BRDA:132,8,0,0
BRDA:132,8,1,0
BRDA:154,9,0,0
BRDA:154,9,1,0
BRDA:155,10,0,0
BRDA:155,10,1,0
BRDA:166,11,0,0
BRDA:166,11,1,0
BRDA:167,12,0,0
BRDA:167,12,1,0
BRDA:168,13,0,0
BRDA:168,13,1,0
BRDA:178,14,0,0
BRDA:178,14,1,0
BRDA:182,15,0,0
BRDA:182,15,1,0
BRDA:187,16,0,0
BRDA:187,16,1,0
BRDA:206,17,0,0
BRDA:206,17,1,0
BRF:36
BRH:0
end_of_record
TN:
SF:src\components\notifications\ChallengeNotification.jsx
FN:5,ChallengeNotification
FN:10,(anonymous_1)
FN:52,(anonymous_2)
FN:54,(anonymous_3)
FN:76,(anonymous_4)
FN:80,(anonymous_5)
FN:95,(anonymous_6)
FN:108,(anonymous_7)
FN:113,(anonymous_8)
FN:118,(anonymous_9)
FN:211,(anonymous_10)
FN:250,(anonymous_11)
FN:258,(anonymous_12)
FNF:13
FNH:0
FNDA:0,ChallengeNotification
FNDA:0,(anonymous_1)
FNDA:0,(anonymous_2)
FNDA:0,(anonymous_3)
FNDA:0,(anonymous_4)
FNDA:0,(anonymous_5)
FNDA:0,(anonymous_6)
FNDA:0,(anonymous_7)
FNDA:0,(anonymous_8)
FNDA:0,(anonymous_9)
FNDA:0,(anonymous_10)
FNDA:0,(anonymous_11)
FNDA:0,(anonymous_12)
DA:6,0
DA:7,0
DA:8,0
DA:10,0
DA:11,0
DA:12,0
DA:15,0
DA:16,0
DA:27,0
DA:28,0
DA:38,0
DA:39,0
DA:52,0
DA:53,0
DA:54,0
DA:55,0
DA:56,0
DA:57,0
DA:59,0
DA:60,0
DA:62,0
DA:63,0
DA:65,0
DA:66,0
DA:68,0
DA:73,0
DA:74,0
DA:76,0
DA:80,0
DA:81,0
DA:83,0
DA:85,0
DA:87,0
DA:89,0
DA:91,0
DA:95,0
DA:96,0
DA:98,0
DA:100,0
DA:102,0
DA:104,0
DA:108,0
DA:109,0
DA:110,0
DA:113,0
DA:114,0
DA:115,0
DA:118,0
DA:119,0
DA:120,0
DA:123,0
DA:125,0
DA:212,0
DA:250,0
DA:258,0
LF:55
LH:0
BRDA:11,0,0,0
BRDA:11,0,1,0
BRDA:15,1,0,0
BRDA:15,1,1,0
BRDA:27,2,0,0
BRDA:27,2,1,0
BRDA:38,3,0,0
BRDA:38,3,1,0
BRDA:53,4,0,0
BRDA:53,4,1,0
BRDA:59,5,0,0
BRDA:59,5,1,0
BRDA:65,6,0,0
BRDA:65,6,1,0
BRDA:81,7,0,0
BRDA:81,7,1,0
BRDA:81,7,2,0
BRDA:81,7,3,0
BRDA:81,7,4,0
BRDA:96,8,0,0
BRDA:96,8,1,0
BRDA:96,8,2,0
BRDA:96,8,3,0
BRDA:109,9,0,0
BRDA:109,9,1,0
BRDA:123,10,0,0
BRDA:123,10,1,0
BRDA:127,11,0,0
BRDA:127,11,1,0
BRDA:139,12,0,0
BRDA:139,12,1,0
BRDA:142,13,0,0
BRDA:142,13,1,0
BRDA:145,14,0,0
BRDA:145,14,1,0
BRDA:180,15,0,0
BRDA:180,15,1,0
BRDA:191,16,0,0
BRDA:191,16,1,0
BRDA:198,17,0,0
BRDA:198,17,1,0
BRDA:207,18,0,0
BRDA:207,18,1,0
BRDA:207,18,2,0
BRDA:215,19,0,0
BRDA:215,19,1,0
BRDA:221,20,0,0
BRDA:221,20,1,0
BRDA:224,21,0,0
BRDA:224,21,1,0
BRDA:233,22,0,0
BRDA:233,22,1,0
BRDA:233,23,0,0
BRDA:233,23,1,0
BRDA:248,24,0,0
BRDA:248,24,1,0
BRF:56
BRH:0
end_of_record
TN:
SF:src\components\notifications\LiveDataSyncIndicator.jsx
FN:5,LiveDataSyncIndicator
FN:19,(anonymous_1)
FN:20,(anonymous_2)
FN:23,(anonymous_3)
FN:37,(anonymous_4)
FN:40,(anonymous_5)
FN:49,(anonymous_6)
FN:55,(anonymous_7)
FN:79,(anonymous_8)
FN:82,(anonymous_9)
FN:85,(anonymous_10)
FN:94,(anonymous_11)
FN:107,(anonymous_12)
FNF:13
FNH:0
FNDA:0,LiveDataSyncIndicator
FNDA:0,(anonymous_1)
FNDA:0,(anonymous_2)
FNDA:0,(anonymous_3)
FNDA:0,(anonymous_4)
FNDA:0,(anonymous_5)
FNDA:0,(anonymous_6)
FNDA:0,(anonymous_7)
FNDA:0,(anonymous_8)
FNDA:0,(anonymous_9)
FNDA:0,(anonymous_10)
FNDA:0,(anonymous_11)
FNDA:0,(anonymous_12)
DA:6,0
DA:7,0
DA:8,0
DA:9,0
DA:10,0
DA:11,0
DA:12,0
DA:19,0
DA:20,0
DA:22,0
DA:23,0
DA:31,0
DA:32,0
DA:33,0
DA:37,0
DA:40,0
DA:41,0
DA:42,0
DA:44,0
DA:45,0
DA:48,0
DA:49,0
DA:50,0
DA:51,0
DA:54,0
DA:55,0
DA:60,0
DA:61,0
DA:62,0
DA:63,0
DA:65,0
DA:70,0
DA:79,0
DA:82,0
DA:83,0
DA:85,0
DA:90,0
DA:94,0
DA:95,0
DA:97,0
DA:99,0
DA:101,0
DA:103,0
DA:107,0
DA:108,0
DA:110,0
DA:112,0
DA:114,0
DA:116,0
DA:117,0
DA:122,0
DA:124,0
LF:52
LH:0
BRDA:22,0,0,0
BRDA:22,0,1,0
BRDA:32,1,0,0
BRDA:32,1,1,0
BRDA:32,2,0,0
BRDA:32,2,1,0
BRDA:54,3,0,0
BRDA:54,3,1,0
BRDA:83,4,0,0
BRDA:83,4,1,0
BRDA:95,5,0,0
BRDA:95,5,1,0
BRDA:95,5,2,0
BRDA:95,5,3,0
BRDA:108,6,0,0
BRDA:108,6,1,0
BRDA:108,6,2,0
BRDA:108,6,3,0
BRDA:117,7,0,0
BRDA:117,7,1,0
BRDA:148,8,0,0
BRDA:148,8,1,0
BRDA:160,9,0,0
BRDA:160,9,1,0
BRDA:160,9,2,0
BRDA:162,10,0,0
BRDA:162,10,1,0
BRDA:168,11,0,0
BRDA:168,11,1,0
BRDA:174,12,0,0
BRDA:174,12,1,0
BRDA:186,13,0,0
BRDA:186,13,1,0
BRDA:193,14,0,0
BRDA:193,14,1,0
BRDA:201,15,0,0
BRDA:201,15,1,0
BRDA:211,16,0,0
BRDA:211,16,1,0
BRDA:212,17,0,0
BRDA:212,17,1,0
BRDA:213,18,0,0
BRDA:213,18,1,0
BRDA:214,19,0,0
BRDA:214,19,1,0
BRDA:217,20,0,0
BRDA:217,20,1,0
BRDA:218,21,0,0
BRDA:218,21,1,0
BRDA:219,22,0,0
BRDA:219,22,1,0
BRDA:220,23,0,0
BRDA:220,23,1,0
BRF:53
BRH:0
end_of_record
TN:
SF:src\components\notifications\LocationStatusIndicator.jsx
FN:5,LocationStatusIndicator
FN:14,(anonymous_1)
FN:19,(anonymous_2)
FN:24,(anonymous_3)
FN:39,(anonymous_4)
FN:60,(anonymous_5)
FN:71,(anonymous_6)
FN:74,(anonymous_7)
FN:80,(anonymous_8)
FN:109,(anonymous_9)
FN:114,(anonymous_10)
FN:130,(anonymous_11)
FN:142,(anonymous_12)
FN:149,(anonymous_13)
FN:174,(anonymous_14)
FN:179,(anonymous_15)
FN:188,(anonymous_16)
FN:203,(anonymous_17)
FN:222,(anonymous_18)
FN:229,(anonymous_19)
FN:250,(anonymous_20)
FN:361,(anonymous_21)
FNF:22
FNH:0
FNDA:0,LocationStatusIndicator
FNDA:0,(anonymous_1)
FNDA:0,(anonymous_2)
FNDA:0,(anonymous_3)
FNDA:0,(anonymous_4)
FNDA:0,(anonymous_5)
FNDA:0,(anonymous_6)
FNDA:0,(anonymous_7)
FNDA:0,(anonymous_8)
FNDA:0,(anonymous_9)
FNDA:0,(anonymous_10)
FNDA:0,(anonymous_11)
FNDA:0,(anonymous_12)
FNDA:0,(anonymous_13)
FNDA:0,(anonymous_14)
FNDA:0,(anonymous_15)
FNDA:0,(anonymous_16)
FNDA:0,(anonymous_17)
FNDA:0,(anonymous_18)
FNDA:0,(anonymous_19)
FNDA:0,(anonymous_20)
FNDA:0,(anonymous_21)
DA:6,0
DA:7,0
DA:8,0
DA:9,0
DA:10,0
DA:11,0
DA:12,0
DA:14,0
DA:15,0
DA:16,0
DA:19,0
DA:20,0
DA:21,0
DA:22,0
DA:24,0
DA:25,0
DA:28,0
DA:30,0
DA:32,0
DA:35,0
DA:39,0
DA:40,0
DA:42,0
DA:43,0
DA:44,0
DA:45,0
DA:46,0
DA:48,0
DA:49,0
DA:50,0
DA:51,0
DA:53,0
DA:60,0
DA:62,0
DA:64,0
DA:65,0
DA:67,0
DA:71,0
DA:72,0
DA:73,0
DA:75,0
DA:76,0
DA:77,0
DA:78,0
DA:81,0
DA:83,0
DA:84,0
DA:85,0
DA:86,0
DA:88,0
DA:89,0
DA:91,0
DA:92,0
DA:94,0
DA:95,0
DA:105,0
DA:109,0
DA:110,0
DA:111,0
DA:113,0
DA:115,0
DA:116,0
DA:117,0
DA:120,0
DA:121,0
DA:131,0
DA:132,0
DA:142,0
DA:143,0
DA:144,0
DA:149,0
DA:150,0
DA:152,0
DA:154,0
DA:155,0
DA:156,0
DA:158,0
DA:159,0
DA:161,0
DA:162,0
DA:165,0
DA:174,0
DA:175,0
DA:176,0
DA:179,0
DA:181,0
DA:182,0
DA:184,0
DA:188,0
DA:189,0
DA:191,0
DA:195,0
DA:197,0
DA:199,0
DA:203,0
DA:204,0
DA:206,0
DA:208,0
DA:210,0
DA:212,0
DA:214,0
DA:216,0
DA:218,0
DA:222,0
DA:223,0
DA:224,0
DA:225,0
DA:226,0
DA:229,0
DA:230,0
DA:231,0
DA:232,0
DA:233,0
DA:234,0
DA:237,0
DA:250,0
DA:361,0
LF:117
LH:0
BRDA:20,0,0,0
BRDA:20,0,1,0
BRDA:40,1,0,0
BRDA:40,1,1,0
BRDA:40,1,2,0
BRDA:40,1,3,0
BRDA:72,2,0,0
BRDA:72,2,1,0
BRDA:81,3,0,0
BRDA:81,3,1,0
BRDA:81,3,2,0
BRDA:81,3,3,0
BRDA:110,4,0,0
BRDA:110,4,1,0
BRDA:110,5,0,0
BRDA:110,5,1,0
BRDA:120,6,0,0
BRDA:120,6,1,0
BRDA:152,7,0,0
BRDA:152,7,1,0
BRDA:152,7,2,0
BRDA:181,8,0,0
BRDA:181,8,1,0
BRDA:189,9,0,0
BRDA:189,9,1,0
BRDA:189,9,2,0
BRDA:189,9,3,0
BRDA:191,10,0,0
BRDA:191,10,1,0
BRDA:204,11,0,0
BRDA:204,11,1,0
BRDA:204,11,2,0
BRDA:204,11,3,0
BRDA:204,11,4,0
BRDA:204,11,5,0
BRDA:204,11,6,0
BRDA:206,12,0,0
BRDA:206,12,1,0
BRDA:223,13,0,0
BRDA:223,13,1,0
BRDA:224,14,0,0
BRDA:224,14,1,0
BRDA:225,15,0,0
BRDA:225,15,1,0
BRDA:230,16,0,0
BRDA:230,16,1,0
BRDA:231,17,0,0
BRDA:231,17,1,0
BRDA:232,18,0,0
BRDA:232,18,1,0
BRDA:233,19,0,0
BRDA:233,19,1,0
BRDA:248,20,0,0
BRDA:248,20,1,0
BRDA:260,21,0,0
BRDA:260,21,1,0
BRDA:261,22,0,0
BRDA:261,22,1,0
BRDA:268,23,0,0
BRDA:268,23,1,0
BRDA:273,24,0,0
BRDA:273,24,1,0
BRDA:282,25,0,0
BRDA:282,25,1,0
BRDA:288,26,0,0
BRDA:288,26,1,0
BRDA:298,27,0,0
BRDA:298,27,1,0
BRF:68
BRH:0
end_of_record
TN:
SF:src\components\notifications\NotificationBanner.jsx
FN:5,NotificationBanner
FN:11,(anonymous_1)
FN:13,(anonymous_2)
FN:26,(anonymous_3)
FN:31,(anonymous_4)
FN:33,(anonymous_5)
FN:37,(anonymous_6)
FN:41,(anonymous_7)
FN:43,(anonymous_8)
FN:50,(anonymous_9)
FN:57,(anonymous_10)
FN:76,(anonymous_11)
FNF:12
FNH:0
FNDA:0,NotificationBanner
FNDA:0,(anonymous_1)
FNDA:0,(anonymous_2)
FNDA:0,(anonymous_3)
FNDA:0,(anonymous_4)
FNDA:0,(anonymous_5)
FNDA:0,(anonymous_6)
FNDA:0,(anonymous_7)
FNDA:0,(anonymous_8)
FNDA:0,(anonymous_9)
FNDA:0,(anonymous_10)
FNDA:0,(anonymous_11)
DA:6,0
DA:7,0
DA:8,0
DA:11,0
DA:12,0
DA:13,0
DA:18,0
DA:19,0
DA:20,0
DA:21,0
DA:22,0
DA:25,0
DA:26,0
DA:31,0
DA:32,0
DA:33,0
DA:34,0
DA:37,0
DA:41,0
DA:42,0
DA:43,0
DA:44,0
DA:45,0
DA:50,0
DA:51,0
DA:52,0
DA:54,0
DA:57,0
DA:58,0
DA:60,0
DA:62,0
DA:64,0
DA:66,0
DA:68,0
DA:70,0
DA:72,0
DA:76,0
DA:77,0
DA:79,0
DA:81,0
DA:83,0
DA:85,0
DA:89,0
DA:91,0
LF:44
LH:0
BRDA:13,0,0,0
BRDA:13,0,1,0
BRDA:13,0,2,0
BRDA:13,0,3,0
BRDA:18,1,0,0
BRDA:18,1,1,0
BRDA:20,2,0,0
BRDA:20,2,1,0
BRDA:32,3,0,0
BRDA:32,3,1,0
BRDA:32,4,0,0
BRDA:32,4,1,0
BRDA:44,5,0,0
BRDA:44,5,1,0
BRDA:51,6,0,0
BRDA:51,6,1,0
BRDA:58,7,0,0
BRDA:58,7,1,0
BRDA:62,8,0,0
BRDA:62,8,1,0
BRDA:62,8,2,0
BRDA:62,8,3,0
BRDA:62,8,4,0
BRDA:77,9,0,0
BRDA:77,9,1,0
BRDA:79,10,0,0
BRDA:79,10,1,0
BRDA:79,10,2,0
BRDA:89,11,0,0
BRDA:89,11,1,0
BRDA:94,12,0,0
BRDA:94,12,1,0
BRDA:105,13,0,0
BRDA:105,13,1,0
BRDA:113,14,0,0
BRDA:113,14,1,0
BRDA:141,15,0,0
BRDA:141,15,1,0
BRF:38
BRH:0
end_of_record
TN:
SF:src\components\notifications\NotificationCenter.jsx
FN:5,NotificationCenter
FN:20,(anonymous_1)
FN:39,(anonymous_2)
FN:46,(anonymous_3)
FN:70,(anonymous_4)
FN:80,(anonymous_5)
FN:81,(anonymous_6)
FN:96,(anonymous_7)
FN:118,(anonymous_8)
FN:133,(anonymous_9)
FN:154,(anonymous_10)
FN:202,(anonymous_11)
FN:215,(anonymous_12)
FN:218,(anonymous_13)
FN:237,(anonymous_14)
FN:243,(anonymous_15)
FN:293,(anonymous_16)
FN:300,(anonymous_17)
FN:307,(anonymous_18)
FN:352,(anonymous_19)
FNF:20
FNH:0
FNDA:0,NotificationCenter
FNDA:0,(anonymous_1)
FNDA:0,(anonymous_2)
FNDA:0,(anonymous_3)
FNDA:0,(anonymous_4)
FNDA:0,(anonymous_5)
FNDA:0,(anonymous_6)
FNDA:0,(anonymous_7)
FNDA:0,(anonymous_8)
FNDA:0,(anonymous_9)
FNDA:0,(anonymous_10)
FNDA:0,(anonymous_11)
FNDA:0,(anonymous_12)
FNDA:0,(anonymous_13)
FNDA:0,(anonymous_14)
FNDA:0,(anonymous_15)
FNDA:0,(anonymous_16)
FNDA:0,(anonymous_17)
FNDA:0,(anonymous_18)
FNDA:0,(anonymous_19)
DA:13,0
DA:15,0
DA:16,0
DA:17,0
DA:20,0
DA:22,0
DA:23,0
DA:25,0
DA:28,0
DA:32,0
DA:33,0
DA:35,0
DA:39,0
DA:40,0
DA:41,0
DA:42,0
DA:46,0
DA:47,0
DA:48,0
DA:52,0
DA:55,0
DA:56,0
DA:58,0
DA:61,0
DA:62,0
DA:64,0
DA:66,0
DA:70,0
DA:71,0
DA:72,0
DA:73,0
DA:75,0
DA:77,0
DA:80,0
DA:81,0
DA:82,0
DA:84,0
DA:85,0
DA:87,0
DA:88,0
DA:90,0
DA:93,0
DA:96,0
DA:97,0
DA:102,0
DA:104,0
DA:106,0
DA:108,0
DA:112,0
DA:114,0
DA:118,0
DA:119,0
DA:121,0
DA:123,0
DA:125,0
DA:127,0
DA:129,0
DA:133,0
DA:134,0
DA:136,0
DA:138,0
DA:140,0
DA:142,0
DA:144,0
DA:146,0
DA:148,0
DA:150,0
DA:154,0
DA:155,0
DA:156,0
DA:157,0
DA:159,0
DA:160,0
DA:161,0
DA:162,0
DA:163,0
DA:165,0
DA:169,0
DA:171,0
DA:202,0
DA:216,0
DA:218,0
DA:237,0
DA:243,0
DA:294,0
DA:300,0
DA:308,0
DA:309,0
DA:353,0
DA:354,0
LF:90
LH:0
BRDA:22,0,0,0
BRDA:22,0,1,0
BRDA:25,1,0,0
BRDA:25,1,1,0
BRDA:25,1,2,0
BRDA:28,2,0,0
BRDA:28,2,1,0
BRDA:32,3,0,0
BRDA:32,3,1,0
BRDA:33,4,0,0
BRDA:33,4,1,0
BRDA:40,5,0,0
BRDA:40,5,1,0
BRDA:47,6,0,0
BRDA:47,6,1,0
BRDA:52,7,0,0
BRDA:52,7,1,0
BRDA:52,7,2,0
BRDA:55,8,0,0
BRDA:55,8,1,0
BRDA:61,9,0,0
BRDA:61,9,1,0
BRDA:72,10,0,0
BRDA:72,10,1,0
BRDA:82,11,0,0
BRDA:82,11,1,0
BRDA:82,11,2,0
BRDA:102,12,0,0
BRDA:102,12,1,0
BRDA:102,12,2,0
BRDA:102,12,3,0
BRDA:102,12,4,0
BRDA:102,12,5,0
BRDA:102,12,6,0
BRDA:119,13,0,0
BRDA:119,13,1,0
BRDA:119,13,2,0
BRDA:119,13,3,0
BRDA:119,13,4,0
BRDA:134,14,0,0
BRDA:134,14,1,0
BRDA:134,14,2,0
BRDA:134,14,3,0
BRDA:134,14,4,0
BRDA:134,14,5,0
BRDA:134,14,6,0
BRDA:134,14,7,0
BRDA:159,15,0,0
BRDA:159,15,1,0
BRDA:162,16,0,0
BRDA:162,16,1,0
BRDA:169,17,0,0
BRDA:169,17,1,0
BRDA:180,18,0,0
BRDA:180,18,1,0
BRDA:220,19,0,0
BRDA:220,19,1,0
BRDA:231,20,0,0
BRDA:231,20,1,0
BRDA:253,21,0,0
BRDA:253,21,1,0
BRDA:256,22,0,0
BRDA:256,22,1,0
BRDA:278,23,0,0
BRDA:278,23,1,0
BRDA:282,24,0,0
BRDA:282,24,1,0
BRDA:285,25,0,0
BRDA:285,25,1,0
BRDA:297,26,0,0
BRDA:297,26,1,0
BRDA:324,27,0,0
BRDA:324,27,1,0
BRDA:328,28,0,0
BRDA:328,28,1,0
BRDA:344,29,0,0
BRDA:344,29,1,0
BRF:77
BRH:0
end_of_record
TN:
SF:src\components\notifications\NotificationPermissionFlow.jsx
FN:5,NotificationPermissionFlow
FN:108,(anonymous_1)
FN:116,(anonymous_2)
FN:116,(anonymous_3)
FN:187,(anonymous_4)
FN:187,(anonymous_5)
FN:205,(anonymous_6)
FN:211,(anonymous_7)
FN:217,(anonymous_8)
FN:233,(anonymous_9)
FN:238,(anonymous_10)
FN:240,(anonymous_11)
FN:243,(anonymous_12)
FN:260,(anonymous_13)
FNF:14
FNH:0
FNDA:0,NotificationPermissionFlow
FNDA:0,(anonymous_1)
FNDA:0,(anonymous_2)
FNDA:0,(anonymous_3)
FNDA:0,(anonymous_4)
FNDA:0,(anonymous_5)
FNDA:0,(anonymous_6)
FNDA:0,(anonymous_7)
FNDA:0,(anonymous_8)
FNDA:0,(anonymous_9)
FNDA:0,(anonymous_10)
FNDA:0,(anonymous_11)
FNDA:0,(anonymous_12)
FNDA:0,(anonymous_13)
DA:6,0
DA:7,0
DA:8,0
DA:9,0
DA:10,0
DA:17,0
DA:109,0
DA:116,0
DA:187,0
DA:188,0
DA:205,0
DA:206,0
DA:207,0
DA:211,0
DA:212,0
DA:213,0
DA:217,0
DA:218,0
DA:220,0
DA:221,0
DA:223,0
DA:225,0
DA:226,0
DA:229,0
DA:233,0
DA:234,0
DA:235,0
DA:238,0
DA:239,0
DA:240,0
DA:243,0
DA:245,0
DA:248,0
DA:250,0
DA:252,0
DA:261,0
LF:36
LH:0
BRDA:5,0,0,0
BRDA:112,1,0,0
BRDA:112,1,1,0
BRDA:126,2,0,0
BRDA:126,2,1,0
BRDA:136,3,0,0
BRDA:136,3,1,0
BRDA:140,4,0,0
BRDA:140,4,1,0
BRDA:166,5,0,0
BRDA:166,5,1,0
BRDA:175,6,0,0
BRDA:175,6,1,0
BRDA:191,7,0,0
BRDA:191,7,1,0
BRDA:192,8,0,0
BRDA:192,8,1,0
BRDA:193,9,0,0
BRDA:193,9,1,0
BRDA:206,10,0,0
BRDA:206,10,1,0
BRDA:212,11,0,0
BRDA:212,11,1,0
BRDA:218,12,0,0
BRDA:218,12,1,0
BRDA:221,13,0,0
BRDA:221,13,1,0
BRDA:223,14,0,0
BRDA:223,14,1,0
BRDA:248,15,0,0
BRDA:248,15,1,0
BRDA:264,16,0,0
BRDA:264,16,1,0
BRDA:292,17,0,0
BRDA:292,17,1,0
BRDA:294,18,0,0
BRDA:294,18,1,0
BRDA:303,19,0,0
BRDA:303,19,1,0
BRDA:312,20,0,0
BRDA:312,20,1,0
BRDA:326,21,0,0
BRDA:326,21,1,0
BRDA:334,22,0,0
BRDA:334,22,1,0
BRF:45
BRH:0
end_of_record
TN:
SF:src\components\notifications\NotificationPreferences.jsx
FN:5,NotificationPreferences
FN:10,(anonymous_1)
FN:11,(anonymous_2)
FN:18,(anonymous_3)
FN:19,(anonymous_4)
FN:29,(anonymous_5)
FN:35,(anonymous_6)
FN:40,(anonymous_7)
FN:45,(anonymous_8)
FN:247,(anonymous_9)
FN:267,(anonymous_10)
FN:278,(anonymous_11)
FNF:12
FNH:0
FNDA:0,NotificationPreferences
FNDA:0,(anonymous_1)
FNDA:0,(anonymous_2)
FNDA:0,(anonymous_3)
FNDA:0,(anonymous_4)
FNDA:0,(anonymous_5)
FNDA:0,(anonymous_6)
FNDA:0,(anonymous_7)
FNDA:0,(anonymous_8)
FNDA:0,(anonymous_9)
FNDA:0,(anonymous_10)
FNDA:0,(anonymous_11)
DA:6,0
DA:7,0
DA:8,0
DA:10,0
DA:11,0
DA:12,0
DA:13,0
DA:14,0
DA:18,0
DA:19,0
DA:20,0
DA:24,0
DA:25,0
DA:29,0
DA:30,0
DA:31,0
DA:32,0
DA:35,0
DA:36,0
DA:37,0
DA:40,0
DA:41,0
DA:45,0
DA:55,0
DA:247,0
DA:267,0
DA:278,0
LF:27
LH:0
BRDA:43,0,0,0
BRDA:43,0,1,0
BRDA:49,1,0,0
BRDA:49,1,1,0
BRDA:83,2,0,0
BRDA:83,2,1,0
BRDA:88,3,0,0
BRDA:88,3,1,0
BRDA:95,4,0,0
BRDA:95,4,1,0
BRDA:97,5,0,0
BRDA:97,5,1,0
BRDA:100,6,0,0
BRDA:100,6,1,0
BRDA:102,7,0,0
BRDA:102,7,1,0
BRDA:108,8,0,0
BRDA:108,8,1,0
BRDA:230,9,0,0
BRDA:230,9,1,0
BRDA:245,10,0,0
BRDA:245,10,1,0
BRDA:251,11,0,0
BRDA:251,11,1,0
BRDA:257,12,0,0
BRDA:257,12,1,0
BRDA:298,13,0,0
BRDA:298,13,1,0
BRF:28
BRH:0
end_of_record
TN:
SF:src\components\notifications\NotificationProvider.jsx
FN:67,notificationReducer
FN:84,(anonymous_1)
FN:87,(anonymous_2)
FN:98,(anonymous_3)
FN:104,(anonymous_4)
FN:105,(anonymous_5)
FN:151,NotificationProvider
FN:155,(anonymous_7)
FN:168,(anonymous_8)
FN:173,(anonymous_9)
FN:187,(anonymous_10)
FN:214,(anonymous_11)
FN:219,(anonymous_12)
FN:224,(anonymous_13)
FN:229,(anonymous_14)
FN:234,(anonymous_15)
FN:239,(anonymous_16)
FN:250,(anonymous_17)
FN:263,useNotifications
FN:272,shouldShowNotification
FN:312,timeStringToMinutes
FN:317,showBrowserNotification
FN:332,playNotificationSound
FN:360,vibrateDevice
FNF:24
FNH:0
FNDA:0,notificationReducer
FNDA:0,(anonymous_1)
FNDA:0,(anonymous_2)
FNDA:0,(anonymous_3)
FNDA:0,(anonymous_4)
FNDA:0,(anonymous_5)
FNDA:0,NotificationProvider
FNDA:0,(anonymous_7)
FNDA:0,(anonymous_8)
FNDA:0,(anonymous_9)
FNDA:0,(anonymous_10)
FNDA:0,(anonymous_11)
FNDA:0,(anonymous_12)
FNDA:0,(anonymous_13)
FNDA:0,(anonymous_14)
FNDA:0,(anonymous_15)
FNDA:0,(anonymous_16)
FNDA:0,(anonymous_17)
FNDA:0,useNotifications
FNDA:0,shouldShowNotification
FNDA:0,timeStringToMinutes
FNDA:0,showBrowserNotification
FNDA:0,playNotificationSound
FNDA:0,vibrateDevice
DA:4,0
DA:16,0
DA:24,0
DA:55,0
DA:68,0
DA:70,0
DA:76,0
DA:84,0
DA:85,0
DA:87,0
DA:88,0
DA:96,0
DA:98,0
DA:104,0
DA:105,0
DA:106,0
DA:114,0
DA:122,0
DA:129,0
DA:136,0
DA:143,0
DA:148,0
DA:152,0
DA:155,0
DA:156,0
DA:157,0
DA:158,0
DA:159,0
DA:160,0
DA:162,0
DA:168,0
DA:169,0
DA:173,0
DA:174,0
DA:175,0
DA:183,0
DA:189,0
DA:191,0
DA:192,0
DA:195,0
DA:198,0
DA:199,0
DA:203,0
DA:204,0
DA:208,0
DA:209,0
DA:215,0
DA:220,0
DA:225,0
DA:230,0
DA:235,0
DA:240,0
DA:241,0
DA:242,0
DA:243,0
DA:244,0
DA:246,0
DA:251,0
DA:255,0
DA:264,0
DA:265,0
DA:266,0
DA:268,0
DA:273,0
DA:276,0
DA:277,0
DA:278,0
DA:279,0
DA:280,0
DA:282,0
DA:284,0
DA:285,0
DA:289,0
DA:290,0
DA:296,0
DA:298,0
DA:300,0
DA:302,0
DA:306,0
DA:308,0
DA:313,0
DA:314,0
DA:318,0
DA:319,0
DA:328,0
DA:334,0
DA:335,0
DA:336,0
DA:337,0
DA:339,0
DA:340,0
DA:343,0
DA:350,0
DA:351,0
DA:353,0
DA:354,0
DA:356,0
DA:362,0
DA:369,0
LF:99
LH:0
BRDA:68,0,0,0
BRDA:68,0,1,0
BRDA:68,0,2,0
BRDA:68,0,3,0
BRDA:68,0,4,0
BRDA:68,0,5,0
BRDA:68,0,6,0
BRDA:68,0,7,0
BRDA:68,0,8,0
BRDA:85,1,0,0
BRDA:85,1,1,0
BRDA:157,2,0,0
BRDA:157,2,1,0
BRDA:174,3,0,0
BRDA:174,3,1,0
BRDA:189,4,0,0
BRDA:191,5,0,0
BRDA:191,5,1,0
BRDA:198,6,0,0
BRDA:198,6,1,0
BRDA:198,7,0,0
BRDA:198,7,1,0
BRDA:203,8,0,0
BRDA:203,8,1,0
BRDA:208,9,0,0
BRDA:208,9,1,0
BRDA:208,10,0,0
BRDA:208,10,1,0
BRDA:240,11,0,0
BRDA:240,11,1,0
BRDA:265,12,0,0
BRDA:265,12,1,0
BRDA:273,13,0,0
BRDA:273,13,1,0
BRDA:276,14,0,0
BRDA:276,14,1,0
BRDA:282,15,0,0
BRDA:282,15,1,0
BRDA:284,16,0,0
BRDA:284,16,1,0
BRDA:284,17,0,0
BRDA:284,17,1,0
BRDA:289,18,0,0
BRDA:289,18,1,0
BRDA:289,19,0,0
BRDA:289,19,1,0
BRDA:296,20,0,0
BRDA:296,20,1,0
BRDA:296,20,2,0
BRDA:296,20,3,0
BRDA:296,20,4,0
BRDA:296,20,5,0
BRDA:296,20,6,0
BRDA:318,21,0,0
BRDA:318,21,1,0
BRDA:318,22,0,0
BRDA:318,22,1,0
BRDA:320,23,0,0
BRDA:320,23,1,0
BRDA:335,24,0,0
BRDA:335,24,1,0
BRDA:350,25,0,0
BRDA:350,25,1,0
BRDA:369,26,0,0
BRDA:369,26,1,0
BRF:65
BRH:0
end_of_record
TN:
SF:src\components\notifications\PushNotificationComponent.jsx
FN:4,(anonymous_0)
FN:6,(anonymous_1)
FN:7,(anonymous_2)
FN:16,(anonymous_3)
FN:17,(anonymous_4)
FN:30,(anonymous_5)
FN:36,(anonymous_6)
FN:49,(anonymous_7)
FN:74,(anonymous_8)
FN:107,(anonymous_9)
FN:142,(anonymous_10)
FN:175,(anonymous_11)
FN:190,(anonymous_12)
FN:210,(anonymous_13)
FN:213,(anonymous_14)
FN:228,(anonymous_15)
FN:234,(anonymous_16)
FN:271,(anonymous_17)
FN:283,(anonymous_18)
FN:292,(anonymous_19)
FN:379,(anonymous_20)
FN:380,(anonymous_21)
FN:387,(anonymous_22)
FN:407,(anonymous_23)
FN:410,(anonymous_24)
FNF:25
FNH:0
FNDA:0,(anonymous_0)
FNDA:0,(anonymous_1)
FNDA:0,(anonymous_2)
FNDA:0,(anonymous_3)
FNDA:0,(anonymous_4)
FNDA:0,(anonymous_5)
FNDA:0,(anonymous_6)
FNDA:0,(anonymous_7)
FNDA:0,(anonymous_8)
FNDA:0,(anonymous_9)
FNDA:0,(anonymous_10)
FNDA:0,(anonymous_11)
FNDA:0,(anonymous_12)
FNDA:0,(anonymous_13)
FNDA:0,(anonymous_14)
FNDA:0,(anonymous_15)
FNDA:0,(anonymous_16)
FNDA:0,(anonymous_17)
FNDA:0,(anonymous_18)
FNDA:0,(anonymous_19)
FNDA:0,(anonymous_20)
FNDA:0,(anonymous_21)
FNDA:0,(anonymous_22)
FNDA:0,(anonymous_23)
FNDA:0,(anonymous_24)
DA:4,0
DA:10,0
DA:11,0
DA:12,0
DA:13,0
DA:16,0
DA:17,0
DA:18,0
DA:19,0
DA:21,0
DA:22,0
DA:26,0
DA:30,0
DA:31,0
DA:32,0
DA:36,0
DA:37,0
DA:38,0
DA:39,0
DA:40,0
DA:41,0
DA:44,0
DA:49,0
DA:50,0
DA:51,0
DA:52,0
DA:55,0
DA:56,0
DA:57,0
DA:58,0
DA:60,0
DA:61,0
DA:62,0
DA:64,0
DA:65,0
DA:68,0
DA:69,0
DA:74,0
DA:75,0
DA:77,0
DA:103,0
DA:107,0
DA:108,0
DA:110,0
DA:138,0
DA:142,0
DA:143,0
DA:145,0
DA:171,0
DA:175,0
DA:176,0
DA:177,0
DA:179,0
DA:182,0
DA:190,0
DA:191,0
DA:192,0
DA:196,0
DA:201,0
DA:202,0
DA:205,0
DA:210,0
DA:211,0
DA:213,0
DA:214,0
DA:216,0
DA:217,0
DA:219,0
DA:220,0
DA:222,0
DA:226,0
DA:228,0
DA:229,0
DA:234,0
DA:235,0
DA:237,0
DA:238,0
DA:240,0
DA:242,0
DA:243,0
DA:244,0
DA:246,0
DA:248,0
DA:250,0
DA:251,0
DA:253,0
DA:255,0
DA:260,0
DA:271,0
DA:272,0
DA:275,0
DA:283,0
DA:284,0
DA:292,0
DA:293,0
DA:301,0
DA:379,0
DA:380,0
DA:381,0
DA:382,0
DA:383,0
DA:384,0
DA:387,0
DA:388,0
DA:389,0
DA:390,0
DA:391,0
DA:394,0
DA:407,0
DA:408,0
DA:410,0
DA:412,0
DA:415,0
LF:113
LH:0
BRDA:5,0,0,0
BRDA:6,1,0,0
BRDA:7,2,0,0
BRDA:8,3,0,0
BRDA:18,4,0,0
BRDA:18,4,1,0
BRDA:18,4,2,0
BRDA:21,5,0,0
BRDA:21,5,1,0
BRDA:31,6,0,0
BRDA:31,6,1,0
BRDA:31,7,0,0
BRDA:31,7,1,0
BRDA:38,8,0,0
BRDA:38,8,1,0
BRDA:50,9,0,0
BRDA:50,9,1,0
BRDA:60,10,0,0
BRDA:60,10,1,0
BRDA:75,11,0,0
BRDA:75,11,1,0
BRDA:108,12,0,0
BRDA:108,12,1,0
BRDA:143,13,0,0
BRDA:143,13,1,0
BRDA:177,14,0,0
BRDA:177,14,1,0
BRDA:177,15,0,0
BRDA:177,15,1,0
BRDA:201,16,0,0
BRDA:201,16,1,0
BRDA:211,17,0,0
BRDA:211,17,1,0
BRDA:219,18,0,0
BRDA:219,18,1,0
BRDA:235,19,0,0
BRDA:235,19,1,0
BRDA:235,19,2,0
BRDA:235,19,3,0
BRDA:237,20,0,0
BRDA:237,20,1,0
BRDA:242,21,0,0
BRDA:242,21,1,0
BRDA:244,22,0,0
BRDA:244,22,1,0
BRDA:250,23,0,0
BRDA:250,23,1,0
BRDA:267,24,0,0
BRDA:267,24,1,0
BRDA:272,25,0,0
BRDA:272,25,1,0
BRDA:303,26,0,0
BRDA:303,26,1,0
BRDA:313,27,0,0
BRDA:313,27,1,0
BRDA:314,28,0,0
BRDA:314,28,1,0
BRDA:321,29,0,0
BRDA:321,29,1,0
BRDA:322,30,0,0
BRDA:322,30,1,0
BRDA:330,31,0,0
BRDA:330,31,1,0
BRDA:331,32,0,0
BRDA:331,32,1,0
BRDA:337,33,0,0
BRDA:337,33,1,0
BRDA:346,34,0,0
BRDA:346,34,1,0
BRDA:356,35,0,0
BRDA:356,35,1,0
BRDA:381,36,0,0
BRDA:381,36,1,0
BRDA:382,37,0,0
BRDA:382,37,1,0
BRDA:383,38,0,0
BRDA:383,38,1,0
BRDA:388,39,0,0
BRDA:388,39,1,0
BRDA:389,40,0,0
BRDA:389,40,1,0
BRDA:390,41,0,0
BRDA:390,41,1,0
BRDA:398,42,0,0
BRDA:398,42,1,0
BRDA:399,43,0,0
BRDA:399,43,1,0
BRDA:400,44,0,0
BRDA:400,44,1,0
BRF:89
BRH:0
end_of_record
TN:
SF:src\components\notifications\SystemStatusMonitor.jsx
FN:9,SystemStatusMonitor
FN:20,(anonymous_1)
FN:21,(anonymous_2)
FN:26,(anonymous_3)
FN:38,(anonymous_4)
FN:45,(anonymous_5)
FN:46,(anonymous_6)
FN:49,(anonymous_7)
FN:58,(anonymous_8)
FN:59,(anonymous_9)
FN:65,(anonymous_10)
FN:69,(anonymous_11)
FN:78,(anonymous_12)
FN:89,(anonymous_13)
FN:103,(anonymous_14)
FN:118,(anonymous_15)
FN:138,(anonymous_16)
FNF:17
FNH:0
FNDA:0,SystemStatusMonitor
FNDA:0,(anonymous_1)
FNDA:0,(anonymous_2)
FNDA:0,(anonymous_3)
FNDA:0,(anonymous_4)
FNDA:0,(anonymous_5)
FNDA:0,(anonymous_6)
FNDA:0,(anonymous_7)
FNDA:0,(anonymous_8)
FNDA:0,(anonymous_9)
FNDA:0,(anonymous_10)
FNDA:0,(anonymous_11)
FNDA:0,(anonymous_12)
FNDA:0,(anonymous_13)
FNDA:0,(anonymous_14)
FNDA:0,(anonymous_15)
FNDA:0,(anonymous_16)
DA:10,0
DA:11,0
DA:16,0
DA:17,0
DA:20,0
DA:21,0
DA:22,0
DA:23,0
DA:26,0
DA:27,0
DA:28,0
DA:31,0
DA:32,0
DA:35,0
DA:36,0
DA:38,0
DA:39,0
DA:40,0
DA:45,0
DA:46,0
DA:48,0
DA:49,0
DA:55,0
DA:58,0
DA:59,0
DA:60,0
DA:65,0
DA:69,0
DA:70,0
DA:78,0
DA:79,0
DA:80,0
DA:81,0
DA:82,0
DA:84,0
DA:87,0
DA:89,0
DA:90,0
DA:92,0
DA:94,0
DA:97,0
DA:99,0
DA:103,0
DA:104,0
DA:106,0
DA:108,0
DA:110,0
DA:112,0
DA:114,0
DA:118,0
DA:120,0
DA:126,0
DA:127,0
DA:138,0
DA:178,0
LF:55
LH:0
BRDA:9,0,0,0
BRDA:35,1,0,0
BRDA:35,1,1,0
BRDA:48,2,0,0
BRDA:48,2,1,0
BRDA:71,3,0,0
BRDA:71,3,1,0
BRDA:71,3,2,0
BRDA:71,3,3,0
BRDA:79,4,0,0
BRDA:79,4,1,0
BRDA:80,5,0,0
BRDA:80,5,1,0
BRDA:81,6,0,0
BRDA:81,6,1,0
BRDA:81,7,0,0
BRDA:81,7,1,0
BRDA:90,8,0,0
BRDA:90,8,1,0
BRDA:90,8,2,0
BRDA:90,8,3,0
BRDA:90,8,4,0
BRDA:104,9,0,0
BRDA:104,9,1,0
BRDA:104,9,2,0
BRDA:104,9,3,0
BRDA:104,9,4,0
BRDA:126,10,0,0
BRDA:126,10,1,0
BRDA:141,11,0,0
BRDA:141,11,1,0
BRDA:149,12,0,0
BRDA:149,12,1,0
BRDA:151,13,0,0
BRDA:151,13,1,0
BRDA:154,14,0,0
BRDA:154,14,1,0
BRDA:157,15,0,0
BRDA:157,15,1,0
BRDA:160,16,0,0
BRDA:160,16,1,0
BRDA:166,17,0,0
BRDA:166,17,1,0
BRDA:203,18,0,0
BRDA:203,18,1,0
BRDA:206,19,0,0
BRDA:206,19,1,0
BRDA:212,20,0,0
BRDA:212,20,1,0
BRDA:215,21,0,0
BRDA:215,21,1,0
BRDA:221,22,0,0
BRDA:221,22,1,0
BRDA:224,23,0,0
BRDA:224,23,1,0
BRDA:230,24,0,0
BRDA:230,24,1,0
BRDA:239,25,0,0
BRDA:239,25,1,0
BRDA:242,26,0,0
BRDA:242,26,1,0
BRDA:263,27,0,0
BRDA:263,27,1,0
BRDA:274,28,0,0
BRDA:274,28,1,0
BRDA:276,29,0,0
BRDA:276,29,1,0
BRDA:281,30,0,0
BRDA:281,30,1,0
BRF:69
BRH:0
end_of_record
TN:
SF:src\components\notifications\TripValidationNotification.jsx
FN:5,TripValidationNotification
FN:11,(anonymous_1)
FN:16,(anonymous_2)
FN:34,(anonymous_3)
FN:39,(anonymous_4)
FN:48,(anonymous_5)
FN:54,(anonymous_6)
FN:65,(anonymous_7)
FN:92,(anonymous_8)
FN:169,(anonymous_9)
FN:172,(anonymous_10)
FN:181,(anonymous_11)
FN:203,(anonymous_12)
FN:206,(anonymous_13)
FN:226,(anonymous_14)
FN:229,(anonymous_15)
FN:240,(anonymous_16)
FNF:17
FNH:0
FNDA:0,TripValidationNotification
FNDA:0,(anonymous_1)
FNDA:0,(anonymous_2)
FNDA:0,(anonymous_3)
FNDA:0,(anonymous_4)
FNDA:0,(anonymous_5)
FNDA:0,(anonymous_6)
FNDA:0,(anonymous_7)
FNDA:0,(anonymous_8)
FNDA:0,(anonymous_9)
FNDA:0,(anonymous_10)
FNDA:0,(anonymous_11)
FNDA:0,(anonymous_12)
FNDA:0,(anonymous_13)
FNDA:0,(anonymous_14)
FNDA:0,(anonymous_15)
FNDA:0,(anonymous_16)
DA:6,0
DA:7,0
DA:8,0
DA:11,0
DA:12,0
DA:13,0
DA:14,0
DA:16,0
DA:17,0
DA:18,0
DA:19,0
DA:21,0
DA:22,0
DA:23,0
DA:25,0
DA:26,0
DA:27,0
DA:31,0
DA:32,0
DA:34,0
DA:39,0
DA:40,0
DA:41,0
DA:48,0
DA:54,0
DA:55,0
DA:62,0
DA:65,0
DA:66,0
DA:74,0
DA:77,0
DA:86,0
DA:92,0
DA:93,0
DA:95,0
DA:97,0
DA:99,0
DA:102,0
DA:105,0
DA:107,0
DA:111,0
DA:113,0
DA:170,0
DA:172,0
DA:181,0
DA:204,0
DA:206,0
DA:227,0
DA:229,0
DA:240,0
LF:50
LH:0
BRDA:12,0,0,0
BRDA:12,0,1,0
BRDA:21,1,0,0
BRDA:21,1,1,0
BRDA:40,2,0,0
BRDA:40,2,1,0
BRDA:65,3,0,0
BRDA:95,4,0,0
BRDA:95,4,1,0
BRDA:95,4,2,0
BRDA:95,4,3,0
BRDA:95,4,4,0
BRDA:95,4,5,0
BRDA:95,4,6,0
BRDA:111,5,0,0
BRDA:111,5,1,0
BRDA:125,6,0,0
BRDA:125,6,1,0
BRDA:161,7,0,0
BRDA:161,7,1,0
BRDA:184,8,0,0
BRDA:184,8,1,0
BRDA:189,9,0,0
BRDA:189,9,1,0
BRF:24
BRH:0
end_of_record
TN:
SF:src\components\notifications\WebSocketIndicator.jsx
FN:7,(anonymous_0)
FN:31,(anonymous_1)
FN:35,(anonymous_2)
FN:47,(anonymous_3)
FN:48,(anonymous_4)
FN:67,(anonymous_5)
FN:74,(anonymous_6)
FN:83,(anonymous_7)
FN:86,(anonymous_8)
FN:105,(anonymous_9)
FN:113,WebSocketIndicator
FN:125,(anonymous_11)
FN:128,(anonymous_12)
FN:135,(anonymous_13)
FN:142,(anonymous_14)
FN:161,(anonymous_15)
FN:166,(anonymous_16)
FN:178,(anonymous_17)
FN:211,(anonymous_18)
FN:223,(anonymous_19)
FN:233,(anonymous_20)
FN:243,(anonymous_21)
FN:253,(anonymous_22)
FN:255,(anonymous_23)
FN:262,(anonymous_24)
FN:266,(anonymous_25)
FN:270,(anonymous_26)
FN:277,(anonymous_27)
FN:290,(anonymous_28)
FNF:29
FNH:0
FNDA:0,(anonymous_0)
FNDA:0,(anonymous_1)
FNDA:0,(anonymous_2)
FNDA:0,(anonymous_3)
FNDA:0,(anonymous_4)
FNDA:0,(anonymous_5)
FNDA:0,(anonymous_6)
FNDA:0,(anonymous_7)
FNDA:0,(anonymous_8)
FNDA:0,(anonymous_9)
FNDA:0,WebSocketIndicator
FNDA:0,(anonymous_11)
FNDA:0,(anonymous_12)
FNDA:0,(anonymous_13)
FNDA:0,(anonymous_14)
FNDA:0,(anonymous_15)
FNDA:0,(anonymous_16)
FNDA:0,(anonymous_17)
FNDA:0,(anonymous_18)
FNDA:0,(anonymous_19)
FNDA:0,(anonymous_20)
FNDA:0,(anonymous_21)
FNDA:0,(anonymous_22)
FNDA:0,(anonymous_23)
FNDA:0,(anonymous_24)
FNDA:0,(anonymous_25)
FNDA:0,(anonymous_26)
FNDA:0,(anonymous_27)
FNDA:0,(anonymous_28)
DA:8,0
DA:9,0
DA:10,0
DA:11,0
DA:12,0
DA:13,0
DA:14,0
DA:16,0
DA:17,0
DA:18,0
DA:19,0
DA:22,0
DA:32,0
DA:35,0
DA:36,0
DA:37,0
DA:38,0
DA:39,0
DA:41,0
DA:42,0
DA:48,0
DA:49,0
DA:51,0
DA:52,0
DA:55,0
DA:68,0
DA:69,0
DA:70,0
DA:72,0
DA:74,0
DA:75,0
DA:76,0
DA:77,0
DA:84,0
DA:86,0
DA:87,0
DA:88,0
DA:97,0
DA:101,0
DA:106,0
DA:107,0
DA:108,0
DA:109,0
DA:114,0
DA:115,0
DA:116,0
DA:117,0
DA:118,0
DA:119,0
DA:120,0
DA:122,0
DA:123,0
DA:125,0
DA:126,0
DA:128,0
DA:129,0
DA:130,0
DA:135,0
DA:136,0
DA:137,0
DA:140,0
DA:142,0
DA:143,0
DA:144,0
DA:145,0
DA:147,0
DA:149,0
DA:158,0
DA:161,0
DA:162,0
DA:163,0
DA:165,0
DA:166,0
DA:168,0
DA:178,0
DA:179,0
DA:181,0
DA:183,0
DA:184,0
DA:185,0
DA:186,0
DA:188,0
DA:191,0
DA:192,0
DA:195,0
DA:196,0
DA:199,0
DA:200,0
DA:203,0
DA:204,0
DA:207,0
DA:211,0
DA:212,0
DA:213,0
DA:223,0
DA:224,0
DA:233,0
DA:234,0
DA:243,0
DA:244,0
DA:253,0
DA:254,0
DA:255,0
DA:256,0
DA:258,0
DA:262,0
DA:263,0
DA:264,0
DA:266,0
DA:270,0
DA:271,0
DA:272,0
DA:273,0
DA:277,0
DA:278,0
DA:280,0
DA:282,0
DA:284,0
DA:286,0
DA:290,0
DA:291,0
DA:293,0
DA:295,0
DA:297,0
DA:299,0
DA:303,0
LF:126
LH:0
BRDA:7,0,0,0
BRDA:36,1,0,0
BRDA:36,1,1,0
BRDA:49,2,0,0
BRDA:49,2,1,0
BRDA:51,3,0,0
BRDA:51,3,1,0
BRDA:72,4,0,0
BRDA:72,4,1,0
BRDA:75,5,0,0
BRDA:75,5,1,0
BRDA:84,6,0,0
BRDA:84,6,1,0
BRDA:87,7,0,0
BRDA:87,7,1,0
BRDA:129,8,0,0
BRDA:129,8,1,0
BRDA:165,9,0,0
BRDA:165,9,1,0
BRDA:181,10,0,0
BRDA:181,10,1,0
BRDA:181,10,2,0
BRDA:181,10,3,0
BRDA:181,10,4,0
BRDA:181,10,5,0
BRDA:184,11,0,0
BRDA:184,11,1,0
BRDA:254,12,0,0
BRDA:254,12,1,0
BRDA:254,13,0,0
BRDA:254,13,1,0
BRDA:263,14,0,0
BRDA:263,14,1,0
BRDA:271,15,0,0
BRDA:271,15,1,0
BRDA:278,16,0,0
BRDA:278,16,1,0
BRDA:278,16,2,0
BRDA:278,16,3,0
BRDA:291,17,0,0
BRDA:291,17,1,0
BRDA:291,17,2,0
BRDA:291,17,3,0
BRDA:297,18,0,0
BRDA:297,18,1,0
BRDA:313,19,0,0
BRDA:313,19,1,0
BRDA:328,20,0,0
BRDA:328,20,1,0
BRDA:334,21,0,0
BRDA:334,21,1,0
BRDA:334,22,0,0
BRDA:334,22,1,0
BRDA:334,23,0,0
BRDA:334,23,1,0
BRDA:335,24,0,0
BRDA:335,24,1,0
BRDA:341,25,0,0
BRDA:341,25,1,0
BRDA:353,26,0,0
BRDA:353,26,1,0
BRDA:353,26,2,0
BRF:62
BRH:0
end_of_record
TN:
SF:src\components\notifications\index.js
FNF:0
FNH:0
LF:0
LH:0
BRF:0
BRH:0
end_of_record
TN:
SF:src\components\onboarding\OnboardingFlow.jsx
FN:13,OnboardingFlow
FN:34,(anonymous_1)
FN:35,(anonymous_2)
FN:60,(anonymous_3)
FN:63,(anonymous_4)
FN:72,(anonymous_5)
FN:81,(anonymous_6)
FN:82,(anonymous_7)
FN:91,(anonymous_8)
FN:98,(anonymous_9)
FN:114,(anonymous_10)
FNF:11
FNH:0
FNDA:0,OnboardingFlow
FNDA:0,(anonymous_1)
FNDA:0,(anonymous_2)
FNDA:0,(anonymous_3)
FNDA:0,(anonymous_4)
FNDA:0,(anonymous_5)
FNDA:0,(anonymous_6)
FNDA:0,(anonymous_7)
FNDA:0,(anonymous_8)
FNDA:0,(anonymous_9)
FNDA:0,(anonymous_10)
DA:7,0
DA:14,0
DA:15,0
DA:31,0
DA:34,0
DA:35,0
DA:36,0
DA:37,0
DA:38,0
DA:39,0
DA:40,0
DA:41,0
DA:55,0
DA:59,0
DA:60,0
DA:63,0
DA:64,0
DA:65,0
DA:66,0
DA:67,0
DA:68,0
DA:72,0
DA:73,0
DA:74,0
DA:75,0
DA:76,0
DA:77,0
DA:81,0
DA:82,0
DA:91,0
DA:93,0
DA:94,0
DA:95,0
DA:98,0
DA:100,0
DA:101,0
DA:102,0
DA:104,0
DA:111,0
DA:114,0
DA:115,0
DA:117,0
DA:119,0
DA:129,0
DA:137,0
DA:141,0
LF:46
LH:0
BRDA:36,0,0,0
BRDA:36,0,1,0
BRDA:36,1,0,0
BRDA:36,1,1,0
BRDA:36,1,2,0
BRDA:65,2,0,0
BRDA:65,2,1,0
BRDA:74,3,0,0
BRDA:74,3,1,0
BRDA:101,4,0,0
BRDA:101,4,1,0
BRDA:102,5,0,0
BRDA:102,5,1,0
BRDA:115,6,0,0
BRDA:115,6,1,0
BRDA:115,6,2,0
BRDA:115,6,3,0
BRF:17
BRH:0
end_of_record
TN:
SF:src\components\onboarding\PrivacyConsentStep.jsx
FN:3,PrivacyConsentStep
FN:89,(anonymous_1)
FN:95,(anonymous_2)
FN:97,(anonymous_3)
FN:98,(anonymous_4)
FN:103,(anonymous_5)
FN:108,(anonymous_6)
FN:112,(anonymous_7)
FN:116,(anonymous_8)
FN:123,(anonymous_9)
FN:128,(anonymous_10)
FN:299,(anonymous_11)
FN:314,(anonymous_12)
FN:323,(anonymous_13)
FN:335,(anonymous_14)
FN:458,(anonymous_15)
FNF:16
FNH:0
FNDA:0,PrivacyConsentStep
FNDA:0,(anonymous_1)
FNDA:0,(anonymous_2)
FNDA:0,(anonymous_3)
FNDA:0,(anonymous_4)
FNDA:0,(anonymous_5)
FNDA:0,(anonymous_6)
FNDA:0,(anonymous_7)
FNDA:0,(anonymous_8)
FNDA:0,(anonymous_9)
FNDA:0,(anonymous_10)
FNDA:0,(anonymous_11)
FNDA:0,(anonymous_12)
FNDA:0,(anonymous_13)
FNDA:0,(anonymous_14)
FNDA:0,(anonymous_15)
DA:4,0
DA:5,0
DA:7,0
DA:89,0
DA:90,0
DA:91,0
DA:92,0
DA:95,0
DA:97,0
DA:98,0
DA:99,0
DA:103,0
DA:104,0
DA:108,0
DA:109,0
DA:112,0
DA:113,0
DA:116,0
DA:117,0
DA:118,0
DA:119,0
DA:123,0
DA:124,0
DA:125,0
DA:128,0
DA:129,0
DA:155,0
DA:156,0
DA:271,0
DA:300,0
DA:315,0
DA:323,0
DA:335,0
DA:458,0
LF:34
LH:0
BRDA:118,0,0,0
BRDA:118,0,1,0
BRDA:155,1,0,0
BRDA:155,1,1,0
BRDA:320,2,0,0
BRDA:320,2,1,0
BRDA:337,3,0,0
BRDA:337,3,1,0
BRDA:344,4,0,0
BRDA:344,4,1,0
BRDA:359,5,0,0
BRDA:359,5,1,0
BRDA:364,6,0,0
BRDA:364,6,1,0
BRDA:375,7,0,0
BRDA:375,7,1,0
BRDA:377,8,0,0
BRDA:377,8,1,0
BRDA:380,9,0,0
BRDA:380,9,1,0
BRDA:382,10,0,0
BRDA:382,10,1,0
BRDA:387,11,0,0
BRDA:387,11,1,0
BRDA:390,12,0,0
BRDA:390,12,1,0
BRDA:402,13,0,0
BRDA:402,13,1,0
BRDA:402,14,0,0
BRDA:402,14,1,0
BRDA:420,15,0,0
BRDA:420,15,1,0
BRDA:432,16,0,0
BRDA:432,16,1,0
BRDA:443,17,0,0
BRDA:443,17,1,0
BRDA:455,18,0,0
BRDA:455,18,1,0
BRF:38
BRH:0
end_of_record
TN:
SF:src\components\onboarding\ProgressBar.jsx
FN:1,ProgressBar
FN:8,(anonymous_1)
FNF:2
FNH:0
FNDA:0,ProgressBar
FNDA:0,(anonymous_1)
DA:2,0
DA:4,0
DA:9,0
LF:3
LH:0
BRDA:12,0,0,0
BRDA:12,0,1,0
BRDA:17,1,0,0
BRDA:17,1,1,0
BRDA:25,2,0,0
BRDA:25,2,1,0
BRDA:28,3,0,0
BRDA:28,3,1,0
BRF:8
BRH:0
end_of_record
TN:
SF:src\components\onboarding\SetupCompleteStep.jsx
FN:1,SetupCompleteStep
FN:2,(anonymous_1)
FN:61,(anonymous_2)
FNF:3
FNH:0
FNDA:0,SetupCompleteStep
FNDA:0,(anonymous_1)
FNDA:0,(anonymous_2)
DA:2,0
DA:3,0
DA:5,0
DA:6,0
DA:8,0
DA:9,0
DA:11,0
DA:12,0
DA:14,0
DA:15,0
DA:17,0
DA:18,0
DA:20,0
DA:21,0
DA:24,0
DA:27,0
DA:29,0
DA:62,0
LF:18
LH:0
BRDA:5,0,0,0
BRDA:5,0,1,0
BRDA:8,1,0,0
BRDA:8,1,1,0
BRDA:11,2,0,0
BRDA:11,2,1,0
BRDA:14,3,0,0
BRDA:14,3,1,0
BRDA:17,4,0,0
BRDA:17,4,1,0
BRDA:20,5,0,0
BRDA:20,5,1,0
BRDA:67,6,0,0
BRDA:67,6,1,0
BRF:14
BRH:0
end_of_record
TN:
SF:src\components\onboarding\WelcomeStep.jsx
FN:1,WelcomeStep
FNF:1
FNH:0
FNDA:0,WelcomeStep
DA:2,0
LF:1
LH:0
BRF:0
BRH:0
end_of_record
TN:
SF:src\components\onboarding\index.js
FNF:0
FNH:0
LF:0
LH:0
BRF:0
BRH:0
end_of_record
TN:
SF:src\components\rewards\AchievementModal.jsx
FN:4,AchievementModal
FN:11,(anonymous_1)
FN:14,(anonymous_2)
FN:27,(anonymous_3)
FN:33,(anonymous_4)
FN:45,(anonymous_5)
FN:49,(anonymous_6)
FN:92,(anonymous_7)
FN:109,(anonymous_8)
FNF:9
FNH:0
FNDA:0,AchievementModal
FNDA:0,(anonymous_1)
FNDA:0,(anonymous_2)
FNDA:0,(anonymous_3)
FNDA:0,(anonymous_4)
FNDA:0,(anonymous_5)
FNDA:0,(anonymous_6)
FNDA:0,(anonymous_7)
FNDA:0,(anonymous_8)
DA:5,0
DA:6,0
DA:7,0
DA:8,0
DA:9,0
DA:11,0
DA:12,0
DA:14,0
DA:21,0
DA:23,0
DA:24,0
DA:27,0
DA:28,0
DA:29,0
DA:33,0
DA:34,0
DA:37,0
DA:38,0
DA:39,0
DA:40,0
DA:41,0
DA:45,0
DA:46,0
DA:47,0
DA:48,0
DA:49,0
DA:50,0
DA:51,0
DA:52,0
DA:53,0
DA:55,0
DA:60,0
DA:62,0
DA:71,0
DA:72,0
DA:73,0
DA:75,0
DA:93,0
DA:110,0
LF:39
LH:0
BRDA:4,0,0,0
BRDA:4,1,0,0
BRDA:4,2,0,0
BRDA:12,3,0,0
BRDA:12,3,1,0
BRDA:12,4,0,0
BRDA:12,4,1,0
BRDA:12,4,2,0
BRDA:46,5,0,0
BRDA:46,5,1,0
BRDA:51,6,0,0
BRDA:51,6,1,0
BRDA:60,7,0,0
BRDA:60,7,1,0
BRDA:60,8,0,0
BRDA:60,8,1,0
BRDA:71,9,0,0
BRDA:71,9,1,0
BRDA:90,10,0,0
BRDA:90,10,1,0
BRDA:129,11,0,0
BRDA:129,11,1,0
BRDA:134,12,0,0
BRDA:134,12,1,0
BRDA:140,13,0,0
BRDA:140,13,1,0
BRDA:150,14,0,0
BRDA:150,14,1,0
BRDA:161,15,0,0
BRDA:161,15,1,0
BRDA:173,16,0,0
BRDA:173,16,1,0
BRDA:175,17,0,0
BRDA:175,17,1,0
BRDA:189,18,0,0
BRDA:189,18,1,0
BRF:36
BRH:0
end_of_record
TN:
SF:src\components\rewards\BadgeGallery.jsx
FN:4,BadgeGallery
FN:154,(anonymous_1)
FN:160,(anonymous_2)
FN:179,(anonymous_3)
FN:206,(anonymous_4)
FN:211,(anonymous_5)
FN:236,(anonymous_6)
FN:248,(anonymous_7)
FN:251,(anonymous_8)
FNF:9
FNH:0
FNDA:0,BadgeGallery
FNDA:0,(anonymous_1)
FNDA:0,(anonymous_2)
FNDA:0,(anonymous_3)
FNDA:0,(anonymous_4)
FNDA:0,(anonymous_5)
FNDA:0,(anonymous_6)
FNDA:0,(anonymous_7)
FNDA:0,(anonymous_8)
DA:5,0
DA:6,0
DA:9,0
DA:125,0
DA:127,0
DA:137,0
DA:145,0
DA:154,0
DA:155,0
DA:156,0
DA:160,0
DA:161,0
DA:163,0
DA:165,0
DA:166,0
DA:170,0
DA:171,0
DA:173,0
DA:174,0
DA:175,0
DA:179,0
DA:180,0
DA:182,0
DA:207,0
DA:208,0
DA:211,0
DA:236,0
DA:249,0
DA:251,0
LF:29
LH:0
BRDA:4,0,0,0
BRDA:125,1,0,0
BRDA:125,1,1,0
BRDA:155,2,0,0
BRDA:155,2,1,0
BRDA:161,3,0,0
BRDA:161,3,1,0
BRDA:161,3,2,0
BRDA:161,3,3,0
BRDA:166,4,0,0
BRDA:166,4,1,0
BRDA:166,5,0,0
BRDA:166,5,1,0
BRDA:170,6,0,0
BRDA:170,6,1,0
BRDA:170,7,0,0
BRDA:170,7,1,0
BRDA:173,8,0,0
BRDA:173,8,1,0
BRDA:173,9,0,0
BRDA:173,9,1,0
BRDA:174,10,0,0
BRDA:174,10,1,0
BRDA:174,11,0,0
BRDA:174,11,1,0
BRDA:196,12,0,0
BRDA:196,12,1,0
BRDA:207,13,0,0
BRDA:207,13,1,0
BRDA:213,14,0,0
BRDA:213,14,1,0
BRDA:218,15,0,0
BRDA:218,15,1,0
BRDA:232,16,0,0
BRDA:232,16,1,0
BRDA:251,17,0,0
BRDA:251,17,1,0
BRDA:253,18,0,0
BRDA:253,18,1,0
BRDA:260,19,0,0
BRDA:260,19,1,0
BRDA:262,20,0,0
BRDA:262,20,1,0
BRDA:263,21,0,0
BRDA:263,21,1,0
BRDA:264,22,0,0
BRDA:264,22,1,0
BRDA:272,23,0,0
BRDA:272,23,1,0
BRDA:280,24,0,0
BRDA:280,24,1,0
BRDA:287,25,0,0
BRDA:287,25,1,0
BRDA:293,26,0,0
BRDA:293,26,1,0
BRDA:297,27,0,0
BRDA:297,27,1,0
BRDA:308,28,0,0
BRDA:308,28,1,0
BRDA:321,29,0,0
BRDA:321,29,1,0
BRDA:327,30,0,0
BRDA:327,30,1,0
BRDA:335,31,0,0
BRDA:335,31,1,0
BRDA:335,31,2,0
BRF:66
BRH:0
end_of_record
TN:
SF:src\components\rewards\Leaderboard.jsx
FN:4,Leaderboard
FN:9,(anonymous_1)
FN:37,(anonymous_2)
FN:58,(anonymous_3)
FN:67,(anonymous_4)
FN:76,(anonymous_5)
FN:82,(anonymous_6)
FN:123,(anonymous_7)
FN:126,(anonymous_8)
FN:141,(anonymous_9)
FN:146,(anonymous_10)
FN:186,(anonymous_11)
FN:201,(anonymous_12)
FN:242,(anonymous_13)
FNF:14
FNH:0
FNDA:0,Leaderboard
FNDA:0,(anonymous_1)
FNDA:0,(anonymous_2)
FNDA:0,(anonymous_3)
FNDA:0,(anonymous_4)
FNDA:0,(anonymous_5)
FNDA:0,(anonymous_6)
FNDA:0,(anonymous_7)
FNDA:0,(anonymous_8)
FNDA:0,(anonymous_9)
FNDA:0,(anonymous_10)
FNDA:0,(anonymous_11)
FNDA:0,(anonymous_12)
FNDA:0,(anonymous_13)
DA:5,0
DA:6,0
DA:9,0
DA:10,0
DA:31,0
DA:34,0
DA:37,0
DA:38,0
DA:39,0
DA:40,0
DA:42,0
DA:45,0
DA:51,0
DA:58,0
DA:59,0
DA:60,0
DA:61,0
DA:62,0
DA:63,0
DA:67,0
DA:68,0
DA:69,0
DA:70,0
DA:71,0
DA:72,0
DA:76,0
DA:77,0
DA:78,0
DA:79,0
DA:82,0
DA:84,0
DA:124,0
DA:126,0
DA:142,0
DA:143,0
DA:146,0
DA:186,0
DA:202,0
DA:242,0
LF:39
LH:0
BRDA:4,0,0,0
BRDA:31,1,0,0
BRDA:31,1,1,0
BRDA:38,2,0,0
BRDA:38,2,1,0
BRDA:39,3,0,0
BRDA:39,3,1,0
BRDA:59,4,0,0
BRDA:59,4,1,0
BRDA:59,4,2,0
BRDA:59,4,3,0
BRDA:68,5,0,0
BRDA:68,5,1,0
BRDA:68,5,2,0
BRDA:68,5,3,0
BRDA:77,6,0,0
BRDA:77,6,1,0
BRDA:78,7,0,0
BRDA:78,7,1,0
BRDA:97,8,0,0
BRDA:97,8,1,0
BRDA:99,9,0,0
BRDA:99,9,1,0
BRDA:105,10,0,0
BRDA:105,10,1,0
BRDA:128,11,0,0
BRDA:128,11,1,0
BRDA:142,12,0,0
BRDA:142,12,1,0
BRDA:148,13,0,0
BRDA:148,13,1,0
BRDA:153,14,0,0
BRDA:153,14,1,0
BRDA:166,15,0,0
BRDA:166,15,1,0
BRDA:184,16,0,0
BRDA:184,16,1,0
BRDA:189,17,0,0
BRDA:189,17,1,0
BRDA:205,18,0,0
BRDA:205,18,1,0
BRDA:214,19,0,0
BRDA:214,19,1,0
BRDA:216,20,0,0
BRDA:216,20,1,0
BRDA:226,21,0,0
BRDA:226,21,1,0
BRDA:240,22,0,0
BRDA:240,22,1,0
BRDA:245,23,0,0
BRDA:245,23,1,0
BRF:51
BRH:0
end_of_record
TN:
SF:src\components\rewards\RewardsDashboard.jsx
FN:4,RewardsDashboard
FN:37,(anonymous_1)
FN:41,(anonymous_2)
FN:45,(anonymous_3)
FN:110,(anonymous_4)
FN:124,(anonymous_5)
FN:132,(anonymous_6)
FN:135,(anonymous_7)
FNF:8
FNH:0
FNDA:0,RewardsDashboard
FNDA:0,(anonymous_1)
FNDA:0,(anonymous_2)
FNDA:0,(anonymous_3)
FNDA:0,(anonymous_4)
FNDA:0,(anonymous_5)
FNDA:0,(anonymous_6)
FNDA:0,(anonymous_7)
DA:5,0
DA:6,0
DA:7,0
DA:10,0
DA:35,0
DA:36,0
DA:37,0
DA:38,0
DA:41,0
DA:42,0
DA:43,0
DA:44,0
DA:45,0
DA:49,0
DA:57,0
DA:111,0
DA:124,0
DA:133,0
DA:136,0
DA:137,0
LF:20
LH:0
BRDA:42,0,0,0
BRDA:42,0,1,0
BRDA:44,1,0,0
BRDA:44,1,1,0
BRDA:89,2,0,0
BRDA:89,2,1,0
BRDA:94,3,0,0
BRDA:94,3,1,0
BRDA:99,4,0,0
BRDA:99,4,1,0
BRDA:124,5,0,0
BRDA:124,5,1,0
BRDA:136,6,0,0
BRDA:136,6,1,0
BRDA:137,7,0,0
BRDA:137,7,1,0
BRDA:154,8,0,0
BRDA:154,8,1,0
BRDA:202,9,0,0
BRDA:202,9,1,0
BRDA:209,10,0,0
BRDA:209,10,1,0
BRDA:247,11,0,0
BRDA:247,11,1,0
BRF:24
BRH:0
end_of_record
TN:
SF:src\components\rewards\WeeklyChallenges.jsx
FN:4,WeeklyChallenges
FN:64,(anonymous_1)
FN:67,(anonymous_2)
FN:68,(anonymous_3)
FN:96,(anonymous_4)
FN:113,(anonymous_5)
FN:114,(anonymous_6)
FN:117,(anonymous_7)
FN:118,(anonymous_8)
FN:123,(anonymous_9)
FN:124,(anonymous_10)
FN:177,(anonymous_11)
FN:184,(anonymous_12)
FNF:13
FNH:0
FNDA:0,WeeklyChallenges
FNDA:0,(anonymous_1)
FNDA:0,(anonymous_2)
FNDA:0,(anonymous_3)
FNDA:0,(anonymous_4)
FNDA:0,(anonymous_5)
FNDA:0,(anonymous_6)
FNDA:0,(anonymous_7)
FNDA:0,(anonymous_8)
FNDA:0,(anonymous_9)
FNDA:0,(anonymous_10)
FNDA:0,(anonymous_11)
FNDA:0,(anonymous_12)
DA:5,0
DA:8,0
DA:63,0
DA:64,0
DA:67,0
DA:68,0
DA:69,0
DA:70,0
DA:71,0
DA:72,0
DA:74,0
DA:76,0
DA:77,0
DA:78,0
DA:79,0
DA:81,0
DA:82,0
DA:83,0
DA:84,0
DA:86,0
DA:89,0
DA:93,0
DA:94,0
DA:96,0
DA:99,0
DA:105,0
DA:113,0
DA:114,0
DA:117,0
DA:118,0
DA:119,0
DA:123,0
DA:124,0
DA:127,0
DA:178,0
DA:179,0
DA:181,0
DA:184,0
LF:38
LH:0
BRDA:63,0,0,0
BRDA:63,0,1,0
BRDA:76,1,0,0
BRDA:76,1,1,0
BRDA:81,2,0,0
BRDA:81,2,1,0
BRDA:83,3,0,0
BRDA:83,3,1,0
BRDA:119,4,0,0
BRDA:119,4,1,0
BRDA:169,5,0,0
BRDA:169,5,1,0
BRDA:184,6,0,0
BRDA:184,6,1,0
BRDA:197,7,0,0
BRDA:197,7,1,0
BRDA:233,8,0,0
BRDA:233,8,1,0
BRDA:234,9,0,0
BRDA:234,9,1,0
BRDA:235,10,0,0
BRDA:235,10,1,0
BRDA:237,11,0,0
BRDA:237,11,1,0
BRDA:245,12,0,0
BRDA:245,12,1,0
BRDA:252,13,0,0
BRDA:252,13,1,0
BRDA:252,13,2,0
BRDA:262,14,0,0
BRDA:262,14,1,0
BRF:31
BRH:0
end_of_record
TN:
SF:src\components\rewards\index.js
FNF:0
FNH:0
LF:0
LH:0
BRF:0
BRH:0
end_of_record
TN:
SF:src\components\settings\AccountDeletionFlow.jsx
FN:20,AccountDeletionFlow
FN:40,(anonymous_1)
FN:53,(anonymous_2)
FN:57,(anonymous_3)
FN:65,(anonymous_4)
FN:129,(anonymous_5)
FN:138,(anonymous_6)
FN:157,(anonymous_7)
FN:190,(anonymous_8)
FN:197,(anonymous_9)
FN:215,(anonymous_10)
FN:221,(anonymous_11)
FN:230,(anonymous_12)
FN:259,(anonymous_13)
FN:273,(anonymous_14)
FN:279,(anonymous_15)
FN:289,(anonymous_16)
FN:311,(anonymous_17)
FN:319,(anonymous_18)
FN:337,(anonymous_19)
FN:365,(anonymous_20)
FN:390,(anonymous_21)
FNF:22
FNH:0
FNDA:0,AccountDeletionFlow
FNDA:0,(anonymous_1)
FNDA:0,(anonymous_2)
FNDA:0,(anonymous_3)
FNDA:0,(anonymous_4)
FNDA:0,(anonymous_5)
FNDA:0,(anonymous_6)
FNDA:0,(anonymous_7)
FNDA:0,(anonymous_8)
FNDA:0,(anonymous_9)
FNDA:0,(anonymous_10)
FNDA:0,(anonymous_11)
FNDA:0,(anonymous_12)
FNDA:0,(anonymous_13)
FNDA:0,(anonymous_14)
FNDA:0,(anonymous_15)
FNDA:0,(anonymous_16)
FNDA:0,(anonymous_17)
FNDA:0,(anonymous_18)
FNDA:0,(anonymous_19)
FNDA:0,(anonymous_20)
FNDA:0,(anonymous_21)
DA:21,0
DA:22,0
DA:23,0
DA:24,0
DA:25,0
DA:26,0
DA:27,0
DA:28,0
DA:29,0
DA:31,0
DA:40,0
DA:41,0
DA:42,0
DA:43,0
DA:45,0
DA:46,0
DA:47,0
DA:49,0
DA:50,0
DA:53,0
DA:54,0
DA:55,0
DA:57,0
DA:58,0
DA:59,0
DA:60,0
DA:65,0
DA:66,0
DA:129,0
DA:138,0
DA:139,0
DA:157,0
DA:191,0
DA:197,0
DA:215,0
DA:221,0
DA:230,0
DA:231,0
DA:259,0
DA:273,0
DA:279,0
DA:289,0
DA:290,0
DA:311,0
DA:319,0
DA:337,0
DA:365,0
DA:386,0
DA:390,0
LF:49
LH:0
BRDA:41,0,0,0
BRDA:41,0,1,0
BRDA:45,1,0,0
BRDA:45,1,1,0
BRDA:54,2,0,0
BRDA:54,2,1,0
BRDA:159,3,0,0
BRDA:159,3,1,0
BRDA:163,4,0,0
BRDA:163,4,1,0
BRDA:168,5,0,0
BRDA:168,5,1,0
BRDA:204,6,0,0
BRDA:204,6,1,0
BRDA:249,7,0,0
BRDA:249,7,1,0
BRDA:309,8,0,0
BRDA:309,8,1,0
BRDA:313,9,0,0
BRDA:313,9,1,0
BRDA:322,10,0,0
BRDA:322,10,1,0
BRDA:325,11,0,0
BRDA:325,11,1,0
BRDA:339,12,0,0
BRDA:339,12,1,0
BRDA:343,13,0,0
BRDA:343,13,1,0
BRDA:372,14,0,0
BRDA:372,14,1,0
BRDA:372,14,2,0
BRDA:375,15,0,0
BRDA:375,15,1,0
BRDA:380,16,0,0
BRDA:380,16,1,0
BRDA:390,17,0,0
BRDA:390,17,1,0
BRDA:409,18,0,0
BRDA:409,18,1,0
BRDA:410,19,0,0
BRDA:410,19,1,0
BRDA:411,20,0,0
BRDA:411,20,1,0
BRDA:412,21,0,0
BRDA:412,21,1,0
BRF:45
BRH:0
end_of_record
TN:
SF:src\components\settings\AccountSettings.jsx
FN:15,AccountSettings
FN:34,(anonymous_1)
FN:44,(anonymous_2)
FN:105,(anonymous_3)
FN:121,(anonymous_4)
FN:157,NotificationSettings
FN:158,(anonymous_6)
FN:159,(anonymous_7)
FN:216,(anonymous_8)
FN:231,(anonymous_9)
FN:248,(anonymous_10)
FN:249,(anonymous_11)
FN:251,(anonymous_12)
FN:258,(anonymous_13)
FNF:14
FNH:0
FNDA:0,AccountSettings
FNDA:0,(anonymous_1)
FNDA:0,(anonymous_2)
FNDA:0,(anonymous_3)
FNDA:0,(anonymous_4)
FNDA:0,NotificationSettings
FNDA:0,(anonymous_6)
FNDA:0,(anonymous_7)
FNDA:0,(anonymous_8)
FNDA:0,(anonymous_9)
FNDA:0,(anonymous_10)
FNDA:0,(anonymous_11)
FNDA:0,(anonymous_12)
FNDA:0,(anonymous_13)
DA:16,0
DA:17,0
DA:23,0
DA:31,0
DA:32,0
DA:34,0
DA:40,0
DA:41,0
DA:44,0
DA:48,0
DA:105,0
DA:121,0
DA:158,0
DA:159,0
DA:165,0
DA:198,0
DA:217,0
DA:218,0
DA:231,0
DA:249,0
DA:250,0
DA:251,0
DA:252,0
DA:254,0
DA:258,0
LF:25
LH:0
BRDA:31,0,0,0
BRDA:31,0,1,0
BRDA:40,1,0,0
BRDA:40,1,1,0
BRDA:233,2,0,0
BRDA:233,2,1,0
BRDA:237,3,0,0
BRDA:237,3,1,0
BRDA:258,4,0,0
BRDA:258,4,1,0
BRF:10
BRH:0
end_of_record
TN:
SF:src\components\settings\AppPreferences.jsx
FN:17,AppPreferences
FN:24,(anonymous_1)
FN:29,(anonymous_2)
FN:101,(anonymous_3)
FN:106,(anonymous_4)
FN:140,(anonymous_5)
FN:143,(anonymous_6)
FN:163,(anonymous_7)
FN:168,(anonymous_8)
FN:211,(anonymous_9)
FN:233,(anonymous_10)
FNF:11
FNH:0
FNDA:0,AppPreferences
FNDA:0,(anonymous_1)
FNDA:0,(anonymous_2)
FNDA:0,(anonymous_3)
FNDA:0,(anonymous_4)
FNDA:0,(anonymous_5)
FNDA:0,(anonymous_6)
FNDA:0,(anonymous_7)
FNDA:0,(anonymous_8)
FNDA:0,(anonymous_9)
FNDA:0,(anonymous_10)
DA:18,0
DA:19,0
DA:20,0
DA:21,0
DA:22,0
DA:24,0
DA:25,0
DA:26,0
DA:29,0
DA:30,0
DA:32,0
DA:33,0
DA:35,0
DA:36,0
DA:38,0
DA:39,0
DA:43,0
DA:49,0
DA:56,0
DA:77,0
DA:102,0
DA:103,0
DA:106,0
DA:140,0
DA:144,0
DA:164,0
DA:165,0
DA:168,0
DA:211,0
DA:233,0
LF:30
LH:0
BRDA:25,0,0,0
BRDA:25,0,1,0
BRDA:30,1,0,0
BRDA:30,1,1,0
BRDA:30,1,2,0
BRDA:108,2,0,0
BRDA:108,2,1,0
BRDA:115,3,0,0
BRDA:115,3,1,0
BRDA:170,4,0,0
BRDA:170,4,1,0
BRDA:177,5,0,0
BRDA:177,5,1,0
BRDA:203,6,0,0
BRDA:203,6,1,0
BRDA:213,7,0,0
BRDA:213,7,1,0
BRDA:217,8,0,0
BRDA:217,8,1,0
BRDA:235,9,0,0
BRDA:235,9,1,0
BRDA:239,10,0,0
BRDA:239,10,1,0
BRF:23
BRH:0
end_of_record
TN:
SF:src\components\settings\DataExportRequest.jsx
FN:21,DataExportRequest
FN:123,(anonymous_1)
FN:124,(anonymous_2)
FN:130,(anonymous_3)
FN:131,(anonymous_4)
FN:136,(anonymous_5)
FN:148,(anonymous_6)
FN:158,(anonymous_7)
FN:164,(anonymous_8)
FN:173,(anonymous_9)
FN:187,(anonymous_10)
FN:231,(anonymous_11)
FN:261,(anonymous_12)
FN:303,(anonymous_13)
FN:320,(anonymous_14)
FN:351,(anonymous_15)
FN:365,(anonymous_16)
FN:381,(anonymous_17)
FN:391,(anonymous_18)
FN:411,(anonymous_19)
FN:422,(anonymous_20)
FN:450,(anonymous_21)
FNF:22
FNH:0
FNDA:0,DataExportRequest
FNDA:0,(anonymous_1)
FNDA:0,(anonymous_2)
FNDA:0,(anonymous_3)
FNDA:0,(anonymous_4)
FNDA:0,(anonymous_5)
FNDA:0,(anonymous_6)
FNDA:0,(anonymous_7)
FNDA:0,(anonymous_8)
FNDA:0,(anonymous_9)
FNDA:0,(anonymous_10)
FNDA:0,(anonymous_11)
FNDA:0,(anonymous_12)
FNDA:0,(anonymous_13)
FNDA:0,(anonymous_14)
FNDA:0,(anonymous_15)
FNDA:0,(anonymous_16)
FNDA:0,(anonymous_17)
FNDA:0,(anonymous_18)
FNDA:0,(anonymous_19)
FNDA:0,(anonymous_20)
FNDA:0,(anonymous_21)
DA:22,0
DA:31,0
DA:32,0
DA:33,0
DA:34,0
DA:35,0
DA:36,0
DA:37,0
DA:39,0
DA:57,0
DA:108,0
DA:115,0
DA:123,0
DA:124,0
DA:130,0
DA:131,0
DA:132,0
DA:135,0
DA:136,0
DA:137,0
DA:138,0
DA:139,0
DA:140,0
DA:144,0
DA:145,0
DA:148,0
DA:149,0
DA:150,0
DA:151,0
DA:152,0
DA:155,0
DA:158,0
DA:159,0
DA:160,0
DA:164,0
DA:165,0
DA:166,0
DA:167,0
DA:168,0
DA:169,0
DA:173,0
DA:174,0
DA:175,0
DA:176,0
DA:177,0
DA:178,0
DA:182,0
DA:183,0
DA:187,0
DA:231,0
DA:241,0
DA:262,0
DA:304,0
DA:305,0
DA:307,0
DA:320,0
DA:352,0
DA:365,0
DA:382,0
DA:391,0
DA:411,0
DA:422,0
DA:450,0
LF:63
LH:0
BRDA:132,0,0,0
BRDA:132,0,1,0
BRDA:137,1,0,0
BRDA:137,1,1,0
BRDA:137,1,2,0
BRDA:144,2,0,0
BRDA:144,2,1,0
BRDA:150,3,0,0
BRDA:150,3,1,0
BRDA:165,4,0,0
BRDA:165,4,1,0
BRDA:165,4,2,0
BRDA:165,4,3,0
BRDA:174,5,0,0
BRDA:174,5,1,0
BRDA:174,5,2,0
BRDA:174,5,3,0
BRDA:182,6,0,0
BRDA:182,6,1,0
BRDA:257,7,0,0
BRDA:257,7,1,0
BRDA:275,8,0,0
BRDA:275,8,1,0
BRDA:287,9,0,0
BRDA:287,9,1,0
BRDA:312,10,0,0
BRDA:312,10,1,0
BRDA:313,11,0,0
BRDA:313,11,1,0
BRDA:356,12,0,0
BRDA:356,12,1,0
BRDA:357,13,0,0
BRDA:357,13,1,0
BRDA:402,14,0,0
BRDA:402,14,1,0
BRDA:450,15,0,0
BRDA:450,15,1,0
BRDA:453,16,0,0
BRDA:453,16,1,0
BRDA:458,17,0,0
BRDA:458,17,1,0
BRF:41
BRH:0
end_of_record
TN:
SF:src\components\settings\DataPrivacySettings.jsx
FN:16,DataPrivacySettings
FN:26,(anonymous_1)
FN:30,(anonymous_2)
FN:34,(anonymous_3)
FN:86,(anonymous_4)
FN:102,(anonymous_5)
FN:118,(anonymous_6)
FN:155,ConsentManagement
FN:164,(anonymous_8)
FN:165,(anonymous_9)
FN:227,(anonymous_10)
FN:250,(anonymous_11)
FN:289,DataExport
FN:292,(anonymous_13)
FN:296,(anonymous_14)
FN:391,(anonymous_15)
FN:402,DeleteAccount
FN:406,(anonymous_17)
FN:410,(anonymous_18)
FN:462,(anonymous_19)
FN:480,(anonymous_20)
FN:488,(anonymous_21)
FNF:22
FNH:0
FNDA:0,DataPrivacySettings
FNDA:0,(anonymous_1)
FNDA:0,(anonymous_2)
FNDA:0,(anonymous_3)
FNDA:0,(anonymous_4)
FNDA:0,(anonymous_5)
FNDA:0,(anonymous_6)
FNDA:0,ConsentManagement
FNDA:0,(anonymous_8)
FNDA:0,(anonymous_9)
FNDA:0,(anonymous_10)
FNDA:0,(anonymous_11)
FNDA:0,DataExport
FNDA:0,(anonymous_13)
FNDA:0,(anonymous_14)
FNDA:0,(anonymous_15)
FNDA:0,DeleteAccount
FNDA:0,(anonymous_17)
FNDA:0,(anonymous_18)
FNDA:0,(anonymous_19)
FNDA:0,(anonymous_20)
FNDA:0,(anonymous_21)
DA:17,0
DA:18,0
DA:25,0
DA:26,0
DA:29,0
DA:30,0
DA:33,0
DA:34,0
DA:37,0
DA:86,0
DA:102,0
DA:118,0
DA:156,0
DA:164,0
DA:165,0
DA:171,0
DA:209,0
DA:228,0
DA:229,0
DA:250,0
DA:290,0
DA:292,0
DA:293,0
DA:296,0
DA:297,0
DA:300,0
DA:306,0
DA:307,0
DA:308,0
DA:309,0
DA:310,0
DA:311,0
DA:312,0
DA:316,0
DA:391,0
DA:403,0
DA:404,0
DA:406,0
DA:407,0
DA:408,0
DA:410,0
DA:411,0
DA:412,0
DA:417,0
DA:462,0
DA:480,0
DA:488,0
LF:47
LH:0
BRDA:25,0,0,0
BRDA:25,0,1,0
BRDA:29,1,0,0
BRDA:29,1,1,0
BRDA:33,2,0,0
BRDA:33,2,1,0
BRDA:230,3,0,0
BRDA:230,3,1,0
BRDA:234,4,0,0
BRDA:234,4,1,0
BRDA:236,5,0,0
BRDA:236,5,1,0
BRDA:241,6,0,0
BRDA:241,6,1,0
BRDA:250,7,0,0
BRDA:250,7,1,0
BRDA:253,8,0,0
BRDA:253,8,1,0
BRDA:254,9,0,0
BRDA:254,9,1,0
BRDA:257,10,0,0
BRDA:257,10,1,0
BRDA:356,11,0,0
BRDA:356,11,1,0
BRDA:375,12,0,0
BRDA:375,12,1,0
BRDA:383,13,0,0
BRDA:383,13,1,0
BRDA:407,14,0,0
BRDA:407,14,1,0
BRDA:433,15,0,0
BRDA:433,15,1,0
BRDA:470,16,0,0
BRDA:470,16,1,0
BRDA:504,17,0,0
BRDA:504,17,1,0
BRF:36
BRH:0
end_of_record
TN:
SF:src\components\settings\EnhancedAccountSettings.jsx
FN:23,EnhancedAccountSettings
FN:78,(anonymous_1)
FN:88,(anonymous_2)
FN:113,(anonymous_3)
FN:121,(anonymous_4)
FN:122,(anonymous_5)
FN:131,(anonymous_6)
FN:135,(anonymous_7)
FN:157,(anonymous_8)
FN:157,(anonymous_9)
FN:165,(anonymous_10)
FN:165,(anonymous_11)
FN:185,(anonymous_12)
FN:185,(anonymous_13)
FN:193,(anonymous_14)
FN:193,(anonymous_15)
FN:203,(anonymous_16)
FN:223,(anonymous_17)
FN:223,(anonymous_18)
FN:231,(anonymous_19)
FN:231,(anonymous_20)
FN:288,(anonymous_21)
FN:292,(anonymous_22)
FN:315,(anonymous_23)
FN:319,(anonymous_24)
FN:331,(anonymous_25)
FN:357,(anonymous_26)
FN:361,(anonymous_27)
FN:372,(anonymous_28)
FN:398,(anonymous_29)
FN:402,(anonymous_30)
FN:411,(anonymous_31)
FN:427,(anonymous_32)
FN:431,(anonymous_33)
FN:450,(anonymous_34)
FN:450,(anonymous_35)
FN:468,(anonymous_36)
FN:468,(anonymous_37)
FN:485,(anonymous_38)
FN:485,(anonymous_39)
FN:502,(anonymous_40)
FN:502,(anonymous_41)
FN:541,(anonymous_42)
FN:564,(anonymous_43)
FN:589,(anonymous_44)
FNF:45
FNH:0
FNDA:0,EnhancedAccountSettings
FNDA:0,(anonymous_1)
FNDA:0,(anonymous_2)
FNDA:0,(anonymous_3)
FNDA:0,(anonymous_4)
FNDA:0,(anonymous_5)
FNDA:0,(anonymous_6)
FNDA:0,(anonymous_7)
FNDA:0,(anonymous_8)
FNDA:0,(anonymous_9)
FNDA:0,(anonymous_10)
FNDA:0,(anonymous_11)
FNDA:0,(anonymous_12)
FNDA:0,(anonymous_13)
FNDA:0,(anonymous_14)
FNDA:0,(anonymous_15)
FNDA:0,(anonymous_16)
FNDA:0,(anonymous_17)
FNDA:0,(anonymous_18)
FNDA:0,(anonymous_19)
FNDA:0,(anonymous_20)
FNDA:0,(anonymous_21)
FNDA:0,(anonymous_22)
FNDA:0,(anonymous_23)
FNDA:0,(anonymous_24)
FNDA:0,(anonymous_25)
FNDA:0,(anonymous_26)
FNDA:0,(anonymous_27)
FNDA:0,(anonymous_28)
FNDA:0,(anonymous_29)
FNDA:0,(anonymous_30)
FNDA:0,(anonymous_31)
FNDA:0,(anonymous_32)
FNDA:0,(anonymous_33)
FNDA:0,(anonymous_34)
FNDA:0,(anonymous_35)
FNDA:0,(anonymous_36)
FNDA:0,(anonymous_37)
FNDA:0,(anonymous_38)
FNDA:0,(anonymous_39)
FNDA:0,(anonymous_40)
FNDA:0,(anonymous_41)
FNDA:0,(anonymous_42)
FNDA:0,(anonymous_43)
FNDA:0,(anonymous_44)
DA:24,0
DA:25,0
DA:30,0
DA:35,0
DA:36,0
DA:38,0
DA:47,0
DA:70,0
DA:78,0
DA:79,0
DA:80,0
DA:81,0
DA:82,0
DA:83,0
DA:84,0
DA:85,0
DA:88,0
DA:89,0
DA:91,0
DA:92,0
DA:95,0
DA:96,0
DA:97,0
DA:100,0
DA:101,0
DA:104,0
DA:105,0
DA:108,0
DA:110,0
DA:111,0
DA:113,0
DA:114,0
DA:115,0
DA:116,0
DA:121,0
DA:122,0
DA:131,0
DA:132,0
DA:135,0
DA:157,0
DA:165,0
DA:185,0
DA:193,0
DA:204,0
DA:223,0
DA:231,0
DA:288,0
DA:289,0
DA:292,0
DA:316,0
DA:319,0
DA:331,0
DA:358,0
DA:361,0
DA:372,0
DA:399,0
DA:402,0
DA:411,0
DA:427,0
DA:428,0
DA:431,0
DA:450,0
DA:468,0
DA:485,0
DA:502,0
DA:517,0
DA:518,0
DA:519,0
DA:521,0
DA:541,0
DA:564,0
DA:589,0
LF:72
LH:0
BRDA:80,0,0,0
BRDA:80,0,1,0
BRDA:81,1,0,0
BRDA:81,1,1,0
BRDA:82,2,0,0
BRDA:82,2,1,0
BRDA:83,3,0,0
BRDA:83,3,1,0
BRDA:84,4,0,0
BRDA:84,4,1,0
BRDA:91,5,0,0
BRDA:91,5,1,0
BRDA:96,6,0,0
BRDA:96,6,1,0
BRDA:100,7,0,0
BRDA:100,7,1,0
BRDA:104,8,0,0
BRDA:104,8,1,0
BRDA:110,9,0,0
BRDA:110,9,1,0
BRDA:155,10,0,0
BRDA:155,10,1,0
BRDA:159,11,0,0
BRDA:159,11,1,0
BRDA:168,12,0,0
BRDA:168,12,1,0
BRDA:171,13,0,0
BRDA:171,13,1,0
BRDA:183,14,0,0
BRDA:183,14,1,0
BRDA:187,15,0,0
BRDA:187,15,1,0
BRDA:196,16,0,0
BRDA:196,16,1,0
BRDA:199,17,0,0
BRDA:199,17,1,0
BRDA:201,18,0,0
BRDA:201,18,1,0
BRDA:221,19,0,0
BRDA:221,19,1,0
BRDA:225,20,0,0
BRDA:225,20,1,0
BRDA:234,21,0,0
BRDA:234,21,1,0
BRDA:237,22,0,0
BRDA:237,22,1,0
BRDA:247,23,0,0
BRDA:247,23,1,0
BRDA:251,24,0,0
BRDA:251,24,1,0
BRDA:255,25,0,0
BRDA:255,25,1,0
BRDA:259,26,0,0
BRDA:259,26,1,0
BRDA:263,27,0,0
BRDA:263,27,1,0
BRDA:275,28,0,0
BRDA:275,28,1,0
BRDA:280,29,0,0
BRDA:280,29,1,0
BRDA:322,30,0,0
BRDA:322,30,1,0
BRDA:323,31,0,0
BRDA:323,31,1,0
BRDA:324,32,0,0
BRDA:324,32,1,0
BRDA:325,33,0,0
BRDA:325,33,1,0
BRDA:326,34,0,0
BRDA:326,34,1,0
BRDA:327,35,0,0
BRDA:327,35,1,0
BRDA:333,36,0,0
BRDA:333,36,1,0
BRDA:337,37,0,0
BRDA:337,37,1,0
BRDA:364,38,0,0
BRDA:364,38,1,0
BRDA:365,39,0,0
BRDA:365,39,1,0
BRDA:366,40,0,0
BRDA:366,40,1,0
BRDA:367,41,0,0
BRDA:367,41,1,0
BRDA:368,42,0,0
BRDA:368,42,1,0
BRDA:374,43,0,0
BRDA:374,43,1,0
BRDA:378,44,0,0
BRDA:378,44,1,0
BRDA:405,45,0,0
BRDA:405,45,1,0
BRDA:406,46,0,0
BRDA:406,46,1,0
BRDA:407,47,0,0
BRDA:407,47,1,0
BRDA:413,48,0,0
BRDA:413,48,1,0
BRDA:417,49,0,0
BRDA:417,49,1,0
BRDA:452,50,0,0
BRDA:452,50,1,0
BRDA:456,51,0,0
BRDA:456,51,1,0
BRDA:461,52,0,0
BRDA:461,52,1,0
BRDA:487,53,0,0
BRDA:487,53,1,0
BRDA:491,54,0,0
BRDA:491,54,1,0
BRDA:504,55,0,0
BRDA:504,55,1,0
BRDA:508,56,0,0
BRDA:508,56,1,0
BRDA:517,57,0,0
BRDA:517,57,1,0
BRDA:518,58,0,0
BRDA:518,58,1,0
BRDA:519,59,0,0
BRDA:519,59,1,0
BRDA:602,60,0,0
BRDA:602,60,1,0
BRF:122
BRH:0
end_of_record
TN:
SF:src\components\settings\PrivacyCenter.jsx
FN:18,PrivacyCenter
FN:41,(anonymous_1)
FN:50,(anonymous_2)
FN:56,(anonymous_3)
FN:57,(anonymous_4)
FN:204,(anonymous_5)
FN:230,(anonymous_6)
FN:266,(anonymous_7)
FN:284,(anonymous_8)
FN:350,(anonymous_9)
FN:356,(anonymous_10)
FN:357,(anonymous_11)
FNF:12
FNH:0
FNDA:0,PrivacyCenter
FNDA:0,(anonymous_1)
FNDA:0,(anonymous_2)
FNDA:0,(anonymous_3)
FNDA:0,(anonymous_4)
FNDA:0,(anonymous_5)
FNDA:0,(anonymous_6)
FNDA:0,(anonymous_7)
FNDA:0,(anonymous_8)
FNDA:0,(anonymous_9)
FNDA:0,(anonymous_10)
FNDA:0,(anonymous_11)
DA:19,0
DA:26,0
DA:33,0
DA:41,0
DA:42,0
DA:44,0
DA:45,0
DA:46,0
DA:50,0
DA:56,0
DA:57,0
DA:63,0
DA:65,0
DA:104,0
DA:142,0
DA:205,0
DA:206,0
DA:208,0
DA:230,0
DA:267,0
DA:269,0
DA:284,0
DA:350,0
DA:357,0
DA:361,0
LF:25
LH:0
BRDA:18,0,0,0
BRDA:42,1,0,0
BRDA:42,1,1,0
BRDA:42,2,0,0
BRDA:42,2,1,0
BRDA:44,3,0,0
BRDA:44,3,1,0
BRDA:145,4,0,0
BRDA:145,4,1,0
BRDA:160,5,0,0
BRDA:160,5,1,0
BRDA:219,6,0,0
BRDA:219,6,1,0
BRDA:231,7,0,0
BRDA:231,7,1,0
BRDA:233,8,0,0
BRDA:233,8,1,0
BRDA:234,9,0,0
BRDA:234,9,1,0
BRDA:234,10,0,0
BRDA:234,10,1,0
BRDA:237,11,0,0
BRDA:237,11,1,0
BRDA:241,12,0,0
BRDA:241,12,1,0
BRDA:270,13,0,0
BRDA:270,13,1,0
BRDA:275,14,0,0
BRDA:275,14,1,0
BRDA:286,15,0,0
BRDA:286,15,1,0
BRDA:290,16,0,0
BRDA:290,16,1,0
BRDA:333,17,0,0
BRDA:333,17,1,0
BRDA:338,18,0,0
BRDA:338,18,1,0
BRDA:342,19,0,0
BRDA:342,19,1,0
BRF:39
BRH:0
end_of_record
TN:
SF:src\components\settings\SettingsMenu.jsx
FN:17,SettingsMenu
FN:62,(anonymous_1)
FN:65,(anonymous_2)
FN:67,(anonymous_3)
FN:69,(anonymous_4)
FN:71,(anonymous_5)
FN:93,(anonymous_6)
FN:98,(anonymous_7)
FNF:8
FNH:0
FNDA:0,SettingsMenu
FNDA:0,(anonymous_1)
FNDA:0,(anonymous_2)
FNDA:0,(anonymous_3)
FNDA:0,(anonymous_4)
FNDA:0,(anonymous_5)
FNDA:0,(anonymous_6)
FNDA:0,(anonymous_7)
DA:18,0
DA:19,0
DA:21,0
DA:61,0
DA:62,0
DA:63,0
DA:65,0
DA:67,0
DA:69,0
DA:71,0
DA:73,0
DA:77,0
DA:80,0
DA:94,0
DA:95,0
DA:99,0
DA:100,0
DA:102,0
LF:18
LH:0
BRDA:61,0,0,0
BRDA:61,0,1,0
BRDA:63,1,0,0
BRDA:63,1,1,0
BRDA:63,1,2,0
BRDA:63,1,3,0
BRDA:63,1,4,0
BRDA:99,2,0,0
BRDA:99,2,1,0
BRF:9
BRH:0
end_of_record
TN:
SF:src\components\settings\SupportSection.jsx
FN:15,SupportSection
FN:19,(anonymous_1)
FN:23,(anonymous_2)
FN:27,(anonymous_3)
FN:72,(anonymous_4)
FN:77,(anonymous_5)
FN:113,HelpCenter
FN:153,(anonymous_7)
FN:176,ContactUs
FN:199,(anonymous_9)
FN:222,(anonymous_10)
FN:247,(anonymous_11)
FN:247,(anonymous_12)
FN:257,(anonymous_13)
FN:257,(anonymous_14)
FN:266,(anonymous_15)
FN:266,(anonymous_16)
FN:281,(anonymous_17)
FN:281,(anonymous_18)
FN:296,AboutApp
FN:382,FAQItem
FN:388,(anonymous_21)
FNF:22
FNH:0
FNDA:0,SupportSection
FNDA:0,(anonymous_1)
FNDA:0,(anonymous_2)
FNDA:0,(anonymous_3)
FNDA:0,(anonymous_4)
FNDA:0,(anonymous_5)
FNDA:0,HelpCenter
FNDA:0,(anonymous_7)
FNDA:0,ContactUs
FNDA:0,(anonymous_9)
FNDA:0,(anonymous_10)
FNDA:0,(anonymous_11)
FNDA:0,(anonymous_12)
FNDA:0,(anonymous_13)
FNDA:0,(anonymous_14)
FNDA:0,(anonymous_15)
FNDA:0,(anonymous_16)
FNDA:0,(anonymous_17)
FNDA:0,(anonymous_18)
FNDA:0,AboutApp
FNDA:0,FAQItem
FNDA:0,(anonymous_21)
DA:16,0
DA:18,0
DA:19,0
DA:22,0
DA:23,0
DA:26,0
DA:27,0
DA:30,0
DA:54,0
DA:73,0
DA:74,0
DA:77,0
DA:114,0
DA:137,0
DA:154,0
DA:177,0
DA:184,0
DA:199,0
DA:200,0
DA:202,0
DA:205,0
DA:223,0
DA:224,0
DA:247,0
DA:257,0
DA:266,0
DA:281,0
DA:297,0
DA:304,0
DA:383,0
DA:385,0
DA:388,0
LF:32
LH:0
BRDA:18,0,0,0
BRDA:18,0,1,0
BRDA:22,1,0,0
BRDA:22,1,1,0
BRDA:26,2,0,0
BRDA:26,2,1,0
BRDA:392,3,0,0
BRDA:392,3,1,0
BRDA:398,4,0,0
BRDA:398,4,1,0
BRF:10
BRH:0
end_of_record
TN:
SF:src\components\settings\UserProfile.jsx
FN:24,UserProfile
FN:58,(anonymous_1)
FN:60,(anonymous_2)
FN:61,(anonymous_3)
FN:68,(anonymous_4)
FN:70,(anonymous_5)
FN:75,(anonymous_6)
FN:102,(anonymous_7)
FN:110,(anonymous_8)
FN:115,(anonymous_9)
FN:117,(anonymous_10)
FN:118,(anonymous_11)
FN:126,(anonymous_12)
FN:127,(anonymous_13)
FN:221,(anonymous_14)
FN:243,(anonymous_15)
FN:243,(anonymous_16)
FN:268,(anonymous_17)
FN:268,(anonymous_18)
FN:293,(anonymous_19)
FN:293,(anonymous_20)
FN:318,(anonymous_21)
FN:318,(anonymous_22)
FN:323,(anonymous_23)
FN:345,(anonymous_24)
FN:345,(anonymous_25)
FN:367,(anonymous_26)
FN:374,(anonymous_27)
FN:447,(anonymous_28)
FNF:29
FNH:0
FNDA:0,UserProfile
FNDA:0,(anonymous_1)
FNDA:0,(anonymous_2)
FNDA:0,(anonymous_3)
FNDA:0,(anonymous_4)
FNDA:0,(anonymous_5)
FNDA:0,(anonymous_6)
FNDA:0,(anonymous_7)
FNDA:0,(anonymous_8)
FNDA:0,(anonymous_9)
FNDA:0,(anonymous_10)
FNDA:0,(anonymous_11)
FNDA:0,(anonymous_12)
FNDA:0,(anonymous_13)
FNDA:0,(anonymous_14)
FNDA:0,(anonymous_15)
FNDA:0,(anonymous_16)
FNDA:0,(anonymous_17)
FNDA:0,(anonymous_18)
FNDA:0,(anonymous_19)
FNDA:0,(anonymous_20)
FNDA:0,(anonymous_21)
FNDA:0,(anonymous_22)
FNDA:0,(anonymous_23)
FNDA:0,(anonymous_24)
FNDA:0,(anonymous_25)
FNDA:0,(anonymous_26)
FNDA:0,(anonymous_27)
FNDA:0,(anonymous_28)
DA:25,0
DA:26,0
DA:45,0
DA:54,0
DA:55,0
DA:58,0
DA:59,0
DA:60,0
DA:61,0
DA:62,0
DA:63,0
DA:65,0
DA:68,0
DA:69,0
DA:70,0
DA:75,0
DA:76,0
DA:78,0
DA:79,0
DA:82,0
DA:83,0
DA:84,0
DA:85,0
DA:88,0
DA:89,0
DA:90,0
DA:91,0
DA:94,0
DA:95,0
DA:98,0
DA:99,0
DA:102,0
DA:103,0
DA:104,0
DA:106,0
DA:110,0
DA:111,0
DA:112,0
DA:113,0
DA:115,0
DA:116,0
DA:117,0
DA:118,0
DA:119,0
DA:121,0
DA:126,0
DA:127,0
DA:136,0
DA:146,0
DA:155,0
DA:221,0
DA:243,0
DA:268,0
DA:293,0
DA:318,0
DA:324,0
DA:345,0
DA:368,0
DA:369,0
DA:371,0
DA:374,0
DA:448,0
DA:449,0
LF:63
LH:0
BRDA:61,0,0,0
BRDA:61,0,1,0
BRDA:62,1,0,0
BRDA:62,1,1,0
BRDA:63,2,0,0
BRDA:63,2,1,0
BRDA:78,3,0,0
BRDA:78,3,1,0
BRDA:82,4,0,0
BRDA:82,4,1,0
BRDA:84,5,0,0
BRDA:84,5,1,0
BRDA:88,6,0,0
BRDA:88,6,1,0
BRDA:90,7,0,0
BRDA:90,7,1,0
BRDA:94,8,0,0
BRDA:94,8,1,0
BRDA:103,9,0,0
BRDA:103,9,1,0
BRDA:112,10,0,0
BRDA:112,10,1,0
BRDA:174,11,0,0
BRDA:174,11,1,0
BRDA:186,12,0,0
BRDA:186,12,1,0
BRDA:196,13,0,0
BRDA:196,13,1,0
BRDA:221,14,0,0
BRDA:221,14,1,0
BRDA:224,15,0,0
BRDA:224,15,1,0
BRDA:225,16,0,0
BRDA:225,16,1,0
BRDA:238,17,0,0
BRDA:238,17,1,0
BRDA:245,18,0,0
BRDA:245,18,1,0
BRDA:249,19,0,0
BRDA:249,19,1,0
BRDA:263,20,0,0
BRDA:263,20,1,0
BRDA:270,21,0,0
BRDA:270,21,1,0
BRDA:274,22,0,0
BRDA:274,22,1,0
BRDA:288,23,0,0
BRDA:288,23,1,0
BRDA:295,24,0,0
BRDA:295,24,1,0
BRDA:299,25,0,0
BRDA:299,25,1,0
BRDA:314,26,0,0
BRDA:314,26,1,0
BRDA:320,27,0,0
BRDA:320,27,1,0
BRDA:327,28,0,0
BRDA:327,28,1,0
BRDA:341,29,0,0
BRDA:341,29,1,0
BRDA:374,30,0,0
BRDA:374,30,1,0
BRDA:377,31,0,0
BRDA:377,31,1,0
BRDA:380,32,0,0
BRDA:380,32,1,0
BRDA:382,33,0,0
BRDA:382,33,1,0
BRDA:384,34,0,0
BRDA:384,34,1,0
BRDA:444,35,0,0
BRDA:444,35,1,0
BRF:72
BRH:0
end_of_record
TN:
SF:src\components\settings\index.js
FNF:0
FNH:0
LF:0
LH:0
BRF:0
BRH:0
end_of_record
TN:
SF:src\components\shared\AccessibilityProvider.jsx
FN:7,(anonymous_0)
FN:13,(anonymous_1)
FN:27,(anonymous_2)
FN:33,(anonymous_3)
FN:45,(anonymous_4)
FN:69,(anonymous_5)
FN:85,(anonymous_6)
FN:86,(anonymous_7)
FN:113,(anonymous_8)
FN:126,(anonymous_9)
FN:148,(anonymous_10)
FN:156,(anonymous_11)
FN:218,(anonymous_12)
FN:223,(anonymous_13)
FN:224,(anonymous_14)
FN:237,(anonymous_15)
FN:287,(anonymous_16)
FN:289,(anonymous_17)
FN:299,(anonymous_18)
FN:307,(anonymous_19)
FN:312,(anonymous_20)
FN:313,(anonymous_21)
FN:323,(anonymous_22)
FN:385,(anonymous_23)
FN:394,(anonymous_24)
FN:402,(anonymous_25)
FN:407,(anonymous_26)
FN:418,(anonymous_27)
FN:425,(anonymous_28)
FN:426,(anonymous_29)
FN:455,(anonymous_30)
FN:464,(anonymous_31)
FN:482,(anonymous_32)
FN:509,(anonymous_33)
FNF:34
FNH:0
FNDA:0,(anonymous_0)
FNDA:0,(anonymous_1)
FNDA:0,(anonymous_2)
FNDA:0,(anonymous_3)
FNDA:0,(anonymous_4)
FNDA:0,(anonymous_5)
FNDA:0,(anonymous_6)
FNDA:0,(anonymous_7)
FNDA:0,(anonymous_8)
FNDA:0,(anonymous_9)
FNDA:0,(anonymous_10)
FNDA:0,(anonymous_11)
FNDA:0,(anonymous_12)
FNDA:0,(anonymous_13)
FNDA:0,(anonymous_14)
FNDA:0,(anonymous_15)
FNDA:0,(anonymous_16)
FNDA:0,(anonymous_17)
FNDA:0,(anonymous_18)
FNDA:0,(anonymous_19)
FNDA:0,(anonymous_20)
FNDA:0,(anonymous_21)
FNDA:0,(anonymous_22)
FNDA:0,(anonymous_23)
FNDA:0,(anonymous_24)
FNDA:0,(anonymous_25)
FNDA:0,(anonymous_26)
FNDA:0,(anonymous_27)
FNDA:0,(anonymous_28)
FNDA:0,(anonymous_29)
FNDA:0,(anonymous_30)
FNDA:0,(anonymous_31)
FNDA:0,(anonymous_32)
FNDA:0,(anonymous_33)
DA:4,0
DA:7,0
DA:8,0
DA:9,0
DA:10,0
DA:11,0
DA:13,0
DA:14,0
DA:16,0
DA:26,0
DA:28,0
DA:29,0
DA:33,0
DA:34,0
DA:36,0
DA:38,0
DA:39,0
DA:40,0
DA:41,0
DA:42,0
DA:45,0
DA:46,0
DA:48,0
DA:49,0
DA:50,0
DA:51,0
DA:54,0
DA:55,0
DA:56,0
DA:57,0
DA:60,0
DA:61,0
DA:62,0
DA:67,0
DA:69,0
DA:70,0
DA:71,0
DA:72,0
DA:77,0
DA:85,0
DA:86,0
DA:87,0
DA:88,0
DA:89,0
DA:90,0
DA:91,0
DA:92,0
DA:96,0
DA:113,0
DA:114,0
DA:126,0
DA:133,0
DA:135,0
DA:148,0
DA:160,0
DA:162,0
DA:169,0
DA:175,0
DA:218,0
DA:232,0
DA:233,0
DA:234,0
DA:235,0
DA:237,0
DA:238,0
DA:239,0
DA:242,0
DA:287,0
DA:295,0
DA:296,0
DA:297,0
DA:299,0
DA:300,0
DA:301,0
DA:302,0
DA:304,0
DA:307,0
DA:308,0
DA:312,0
DA:313,0
DA:314,0
DA:315,0
DA:319,0
DA:320,0
DA:323,0
DA:324,0
DA:328,0
DA:330,0
DA:337,0
DA:385,0
DA:386,0
DA:394,0
DA:395,0
DA:402,0
DA:404,0
DA:405,0
DA:407,0
DA:414,0
DA:415,0
DA:416,0
DA:417,0
DA:418,0
DA:420,0
DA:425,0
DA:426,0
DA:427,0
DA:428,0
DA:429,0
DA:433,0
DA:439,0
DA:455,0
DA:456,0
DA:457,0
DA:458,0
DA:460,0
DA:464,0
DA:465,0
DA:467,0
DA:482,0
DA:509,0
LF:120
LH:0
BRDA:7,0,0,0
BRDA:7,1,0,0
BRDA:7,2,0,0
BRDA:14,3,0,0
BRDA:14,3,1,0
BRDA:29,4,0,0
BRDA:29,4,1,0
BRDA:34,5,0,0
BRDA:34,5,1,0
BRDA:39,6,0,0
BRDA:39,6,1,0
BRDA:46,7,0,0
BRDA:46,7,1,0
BRDA:49,8,0,0
BRDA:49,8,1,0
BRDA:54,9,0,0
BRDA:54,9,1,0
BRDA:55,10,0,0
BRDA:55,10,1,0
BRDA:60,11,0,0
BRDA:60,11,1,0
BRDA:71,12,0,0
BRDA:71,12,1,0
BRDA:71,13,0,0
BRDA:71,13,1,0
BRDA:85,14,0,0
BRDA:85,15,0,0
BRDA:89,16,0,0
BRDA:89,16,1,0
BRDA:113,17,0,0
BRDA:113,18,0,0
BRDA:113,19,0,0
BRDA:127,20,0,0
BRDA:130,21,0,0
BRDA:150,22,0,0
BRDA:151,23,0,0
BRDA:152,24,0,0
BRDA:153,25,0,0
BRDA:156,26,0,0
BRDA:157,27,0,0
BRDA:181,28,0,0
BRDA:181,28,1,0
BRDA:181,29,0,0
BRDA:181,29,1,0
BRDA:184,30,0,0
BRDA:184,30,1,0
BRDA:191,31,0,0
BRDA:191,31,1,0
BRDA:221,32,0,0
BRDA:222,33,0,0
BRDA:223,34,0,0
BRDA:224,35,0,0
BRDA:227,36,0,0
BRDA:228,37,0,0
BRDA:229,38,0,0
BRDA:233,39,0,0
BRDA:233,39,1,0
BRDA:249,40,0,0
BRDA:249,40,1,0
BRDA:252,41,0,0
BRDA:252,41,1,0
BRDA:266,42,0,0
BRDA:266,42,1,0
BRDA:266,43,0,0
BRDA:266,43,1,0
BRDA:267,44,0,0
BRDA:267,44,1,0
BRDA:267,45,0,0
BRDA:267,45,1,0
BRDA:270,46,0,0
BRDA:270,46,1,0
BRDA:270,47,0,0
BRDA:270,47,1,0
BRDA:271,48,0,0
BRDA:271,48,1,0
BRDA:277,49,0,0
BRDA:277,49,1,0
BRDA:277,49,2,0
BRDA:288,50,0,0
BRDA:289,51,0,0
BRDA:292,52,0,0
BRDA:293,53,0,0
BRDA:300,54,0,0
BRDA:300,54,1,0
BRDA:314,55,0,0
BRDA:314,55,1,0
BRDA:314,56,0,0
BRDA:314,56,1,0
BRDA:319,57,0,0
BRDA:319,57,1,0
BRDA:328,58,0,0
BRDA:328,58,1,0
BRDA:363,59,0,0
BRDA:363,59,1,0
BRDA:385,60,0,0
BRDA:415,61,0,0
BRDA:415,61,1,0
BRDA:443,62,0,0
BRDA:443,62,1,0
BRDA:444,63,0,0
BRDA:444,63,1,0
BRDA:445,64,0,0
BRDA:445,64,1,0
BRDA:457,65,0,0
BRDA:457,65,1,0
BRDA:464,66,0,0
BRDA:485,67,0,0
BRDA:485,67,1,0
BRDA:492,68,0,0
BRDA:492,68,1,0
BRDA:496,69,0,0
BRDA:496,69,1,0
BRDA:512,70,0,0
BRDA:512,70,1,0
BRDA:519,71,0,0
BRDA:519,71,1,0
BRDA:523,72,0,0
BRDA:523,72,1,0
BRF:118
BRH:0
end_of_record
TN:
SF:src\components\shared\AppInfoProvider.jsx
FN:10,(anonymous_0)
FN:52,(anonymous_1)
FN:57,(anonymous_2)
FN:64,(anonymous_3)
FN:66,(anonymous_4)
FN:71,(anonymous_5)
FN:117,(anonymous_6)
FN:120,(anonymous_7)
FN:123,(anonymous_8)
FN:128,(anonymous_9)
FN:159,(anonymous_10)
FN:206,(anonymous_11)
FN:211,(anonymous_12)
FN:212,(anonymous_13)
FN:219,(anonymous_14)
FN:226,(anonymous_15)
FN:235,(anonymous_16)
FN:241,(anonymous_17)
FN:262,(anonymous_18)
FN:319,(anonymous_19)
FN:323,(anonymous_20)
FN:324,(anonymous_21)
FN:330,(anonymous_22)
FN:346,(anonymous_23)
FN:347,(anonymous_24)
FN:352,(anonymous_25)
FN:359,(anonymous_26)
FN:391,(anonymous_27)
FN:401,(anonymous_28)
FN:402,(anonymous_29)
FN:414,(anonymous_30)
FN:422,(anonymous_31)
FNF:32
FNH:0
FNDA:0,(anonymous_0)
FNDA:0,(anonymous_1)
FNDA:0,(anonymous_2)
FNDA:0,(anonymous_3)
FNDA:0,(anonymous_4)
FNDA:0,(anonymous_5)
FNDA:0,(anonymous_6)
FNDA:0,(anonymous_7)
FNDA:0,(anonymous_8)
FNDA:0,(anonymous_9)
FNDA:0,(anonymous_10)
FNDA:0,(anonymous_11)
FNDA:0,(anonymous_12)
FNDA:0,(anonymous_13)
FNDA:0,(anonymous_14)
FNDA:0,(anonymous_15)
FNDA:0,(anonymous_16)
FNDA:0,(anonymous_17)
FNDA:0,(anonymous_18)
FNDA:0,(anonymous_19)
FNDA:0,(anonymous_20)
FNDA:0,(anonymous_21)
FNDA:0,(anonymous_22)
FNDA:0,(anonymous_23)
FNDA:0,(anonymous_24)
FNDA:0,(anonymous_25)
FNDA:0,(anonymous_26)
FNDA:0,(anonymous_27)
FNDA:0,(anonymous_28)
FNDA:0,(anonymous_29)
FNDA:0,(anonymous_30)
FNDA:0,(anonymous_31)
DA:7,0
DA:10,0
DA:11,0
DA:12,0
DA:14,0
DA:15,0
DA:22,0
DA:52,0
DA:53,0
DA:54,0
DA:55,0
DA:57,0
DA:58,0
DA:59,0
DA:60,0
DA:64,0
DA:65,0
DA:66,0
DA:67,0
DA:71,0
DA:73,0
DA:76,0
DA:78,0
DA:117,0
DA:118,0
DA:120,0
DA:121,0
DA:123,0
DA:124,0
DA:128,0
DA:129,0
DA:130,0
DA:133,0
DA:160,0
DA:206,0
DA:207,0
DA:208,0
DA:209,0
DA:211,0
DA:212,0
DA:213,0
DA:214,0
DA:217,0
DA:218,0
DA:219,0
DA:220,0
DA:221,0
DA:226,0
DA:227,0
DA:228,0
DA:229,0
DA:232,0
DA:233,0
DA:235,0
DA:236,0
DA:237,0
DA:241,0
DA:242,0
DA:244,0
DA:245,0
DA:246,0
DA:248,0
DA:249,0
DA:251,0
DA:252,0
DA:255,0
DA:256,0
DA:258,0
DA:262,0
DA:263,0
DA:264,0
DA:267,0
DA:269,0
DA:319,0
DA:320,0
DA:321,0
DA:323,0
DA:324,0
DA:325,0
DA:327,0
DA:330,0
DA:333,0
DA:334,0
DA:335,0
DA:337,0
DA:338,0
DA:342,0
DA:343,0
DA:346,0
DA:347,0
DA:349,0
DA:350,0
DA:352,0
DA:353,0
DA:354,0
DA:355,0
DA:359,0
DA:360,0
DA:362,0
DA:364,0
DA:366,0
DA:368,0
DA:370,0
DA:374,0
DA:375,0
DA:377,0
DA:391,0
DA:392,0
DA:393,0
DA:395,0
DA:401,0
DA:402,0
DA:405,0
DA:414,0
DA:422,0
DA:423,0
DA:424,0
DA:425,0
DA:427,0
LF:119
LH:0
BRDA:10,0,0,0
BRDA:10,1,0,0
BRDA:14,2,0,0
BRDA:14,2,1,0
BRDA:36,3,0,0
BRDA:36,3,1,0
BRDA:37,4,0,0
BRDA:37,4,1,0
BRDA:58,5,0,0
BRDA:58,5,1,0
BRDA:76,6,0,0
BRDA:76,6,1,0
BRDA:76,7,0,0
BRDA:76,7,1,0
BRDA:129,8,0,0
BRDA:129,8,1,0
BRDA:129,9,0,0
BRDA:129,9,1,0
BRDA:155,10,0,0
BRDA:155,10,1,0
BRDA:155,10,2,0
BRDA:218,11,0,0
BRDA:218,11,1,0
BRDA:242,12,0,0
BRDA:242,12,1,0
BRDA:248,13,0,0
BRDA:248,13,1,0
BRDA:267,14,0,0
BRDA:267,14,1,0
BRDA:267,15,0,0
BRDA:267,15,1,0
BRDA:319,16,0,0
BRDA:334,17,0,0
BRDA:334,17,1,0
BRDA:360,18,0,0
BRDA:360,18,1,0
BRDA:360,18,2,0
BRDA:360,18,3,0
BRDA:360,18,4,0
BRDA:381,19,0,0
BRDA:381,19,1,0
BRDA:424,20,0,0
BRDA:424,20,1,0
BRF:43
BRH:0
end_of_record
TN:
SF:src\components\shared\ChartComponents.jsx
FN:5,ProgressBar
FN:26,SimpleBarChart
FN:27,(anonymous_2)
FN:31,(anonymous_3)
FN:49,DonutChart
FN:68,(anonymous_5)
FN:94,(anonymous_6)
FN:103,MiniStatCard
FN:122,CardSkeleton
FN:134,ListItemSkeleton
FN:147,ChartSkeleton
FN:155,(anonymous_11)
FN:170,EmptyStateCard
FN:195,AnimatedCounter
FN:204,(anonymous_14)
FN:209,(anonymous_15)
FN:219,(anonymous_16)
FN:230,ResponsiveGrid
FNF:18
FNH:0
FNDA:0,ProgressBar
FNDA:0,SimpleBarChart
FNDA:0,(anonymous_2)
FNDA:0,(anonymous_3)
FNDA:0,DonutChart
FNDA:0,(anonymous_5)
FNDA:0,(anonymous_6)
FNDA:0,MiniStatCard
FNDA:0,CardSkeleton
FNDA:0,ListItemSkeleton
FNDA:0,ChartSkeleton
FNDA:0,(anonymous_11)
FNDA:0,EmptyStateCard
FNDA:0,AnimatedCounter
FNDA:0,(anonymous_14)
FNDA:0,(anonymous_15)
FNDA:0,(anonymous_16)
FNDA:0,ResponsiveGrid
DA:12,0
DA:27,0
DA:29,0
DA:32,0
DA:50,0
DA:51,0
DA:52,0
DA:54,0
DA:69,0
DA:70,0
DA:71,0
DA:73,0
DA:94,0
DA:104,0
DA:123,0
DA:135,0
DA:148,0
DA:156,0
DA:178,0
DA:202,0
DA:204,0
DA:205,0
DA:206,0
DA:207,0
DA:209,0
DA:210,0
DA:211,0
DA:212,0
DA:213,0
DA:215,0
DA:219,0
DA:222,0
DA:231,0
DA:232,0
DA:234,0
LF:35
LH:0
BRDA:7,0,0,0
BRDA:8,1,0,0
BRDA:9,2,0,0
BRDA:10,3,0,0
BRDA:15,4,0,0
BRDA:15,4,1,0
BRDA:26,5,0,0
BRDA:26,6,0,0
BRDA:27,7,0,0
BRDA:27,7,1,0
BRDA:49,8,0,0
BRDA:49,9,0,0
BRDA:103,10,0,0
BRDA:109,11,0,0
BRDA:109,11,1,0
BRDA:111,12,0,0
BRDA:111,12,1,0
BRDA:122,13,0,0
BRDA:147,14,0,0
BRDA:176,15,0,0
BRDA:185,16,0,0
BRDA:185,16,1,0
BRDA:185,16,2,0
BRDA:197,17,0,0
BRDA:198,18,0,0
BRDA:199,19,0,0
BRDA:200,20,0,0
BRDA:211,21,0,0
BRDA:211,21,1,0
BRDA:230,22,0,0
BRDA:230,23,0,0
BRF:31
BRH:0
end_of_record
TN:
SF:src\components\shared\EnhancedRouter.jsx
FN:7,(anonymous_0)
FN:20,(anonymous_1)
FN:25,(anonymous_2)
FN:29,(anonymous_3)
FN:39,(anonymous_4)
FN:44,(anonymous_5)
FN:54,(anonymous_6)
FN:57,(anonymous_7)
FN:62,(anonymous_8)
FN:113,(anonymous_9)
FN:117,(anonymous_10)
FN:121,(anonymous_11)
FN:133,(anonymous_12)
FN:148,(anonymous_13)
FN:153,(anonymous_14)
FN:183,(anonymous_15)
FN:188,(anonymous_16)
FN:199,(anonymous_17)
FN:212,(anonymous_18)
FN:215,(anonymous_19)
FN:217,(anonymous_20)
FN:247,(anonymous_21)
FN:253,(anonymous_22)
FN:276,(anonymous_23)
FN:276,(anonymous_24)
FN:279,(anonymous_25)
FN:280,(anonymous_26)
FN:281,(anonymous_27)
FNF:28
FNH:0
FNDA:0,(anonymous_0)
FNDA:0,(anonymous_1)
FNDA:0,(anonymous_2)
FNDA:0,(anonymous_3)
FNDA:0,(anonymous_4)
FNDA:0,(anonymous_5)
FNDA:0,(anonymous_6)
FNDA:0,(anonymous_7)
FNDA:0,(anonymous_8)
FNDA:0,(anonymous_9)
FNDA:0,(anonymous_10)
FNDA:0,(anonymous_11)
FNDA:0,(anonymous_12)
FNDA:0,(anonymous_13)
FNDA:0,(anonymous_14)
FNDA:0,(anonymous_15)
FNDA:0,(anonymous_16)
FNDA:0,(anonymous_17)
FNDA:0,(anonymous_18)
FNDA:0,(anonymous_19)
FNDA:0,(anonymous_20)
FNDA:0,(anonymous_21)
FNDA:0,(anonymous_22)
[...]
DA:212,0
DA:214,0
DA:215,0
DA:220,0
DA:221,0
DA:222,0
DA:224,0
DA:225,0
DA:230,0
DA:231,0
DA:236,0
DA:238,0
DA:239,0
DA:244,0
DA:245,0
DA:254,0
DA:256,0
DA:257,0
DA:262,0
DA:263,0
DA:268,0
DA:270,0
DA:271,0
DA:276,0
DA:277,0
DA:278,0
DA:280,0
DA:281,0
DA:287,0
DA:288,0
DA:296,0
DA:298,0
DA:299,0
DA:305,0
DA:306,0
DA:308,0
DA:309,0
DA:313,0
DA:314,0
DA:316,0
DA:317,0
DA:321,0
DA:326,0
DA:327,0
DA:328,0
DA:330,0
DA:338,0
DA:339,0
DA:343,0
DA:344,0
DA:345,0
DA:347,0
DA:348,0
DA:350,0
DA:351,0
DA:354,0
DA:359,0
DA:361,0
DA:362,0
DA:366,0
DA:367,0
DA:368,0
DA:373,0
DA:374,0
DA:375,0
DA:380,0
DA:381,0
DA:385,0
DA:388,0
DA:393,0
DA:394,0
DA:395,0
DA:396,0
DA:400,0
DA:401,0
DA:402,0
DA:403,0
DA:408,0
DA:413,0
DA:415,0
DA:416,0
DA:420,0
DA:421,0
DA:422,0
DA:427,0
DA:428,0
DA:429,0
DA:434,0
DA:439,0
DA:440,0
DA:442,0
DA:452,0
DA:464,0
DA:466,0
DA:467,0
DA:472,0
DA:473,0
DA:474,0
DA:479,0
DA:480,0
DA:481,0
DA:486,0
DA:491,0
DA:493,0
DA:496,0
DA:499,0
DA:500,0
DA:503,0
DA:508,0
DA:509,0
DA:512,0
DA:514,0
DA:525,0
DA:530,0
DA:539,0
DA:543,0
DA:544,0
DA:545,0
DA:551,0
DA:553,0
DA:557,0
DA:560,0
DA:561,0
DA:564,0
DA:569,0
DA:570,0
DA:579,0
DA:585,0
DA:586,0
LF:212
LH:0
BRDA:4,0,0,0
BRDA:4,0,1,0
BRDA:13,1,0,0
BRDA:13,1,1,0
BRDA:25,2,0,0
BRDA:33,3,0,0
BRDA:33,3,1,0
BRDA:47,4,0,0
BRDA:47,4,1,0
BRDA:47,5,0,0
BRDA:47,5,1,0
BRDA:49,6,0,0
BRDA:49,6,1,0
BRDA:57,7,0,0
BRDA:57,7,1,0
BRDA:58,8,0,0
BRDA:58,8,1,0
BRDA:76,9,0,0
BRDA:76,9,1,0
BRDA:97,10,0,0
BRDA:97,10,1,0
BRDA:119,11,0,0
BRDA:119,11,1,0
BRDA:135,12,0,0
BRDA:135,12,1,0
BRDA:148,13,0,0
BRDA:148,13,1,0
BRDA:162,14,0,0
BRDA:162,14,1,0
BRDA:175,15,0,0
BRDA:175,15,1,0
BRDA:196,16,0,0
BRDA:196,16,1,0
BRDA:203,17,0,0
BRDA:203,18,0,0
BRDA:203,19,0,0
BRDA:212,20,0,0
BRDA:212,20,1,0
BRDA:222,21,0,0
BRDA:222,21,1,0
BRDA:236,22,0,0
BRDA:236,22,1,0
BRDA:243,23,0,0
BRDA:254,24,0,0
BRDA:254,24,1,0
BRDA:278,25,0,0
BRDA:278,25,1,0
BRDA:343,26,0,0
BRDA:343,26,1,0
BRDA:344,27,0,0
BRDA:344,27,1,0
BRDA:347,28,0,0
BRDA:347,28,1,0
BRDA:350,29,0,0
BRDA:350,29,1,0
BRDA:359,30,0,0
BRDA:359,30,1,0
BRDA:359,30,2,0
BRDA:359,30,3,0
BRDA:375,31,0,0
BRDA:375,31,1,0
BRDA:380,32,0,0
BRDA:380,32,1,0
BRDA:395,33,0,0
BRDA:395,33,1,0
BRDA:413,34,0,0
BRDA:413,34,1,0
BRDA:413,34,2,0
BRDA:429,35,0,0
BRDA:429,35,1,0
BRDA:447,36,0,0
BRDA:447,36,1,0
BRDA:449,37,0,0
BRDA:449,37,1,0
BRDA:464,38,0,0
BRDA:464,38,1,0
BRDA:464,38,2,0
BRDA:481,39,0,0
BRDA:481,39,1,0
BRDA:491,40,0,0
BRDA:491,40,1,0
BRDA:491,40,2,0
BRDA:508,41,0,0
BRDA:508,41,1,0
BRDA:518,42,0,0
BRDA:518,42,1,0
BRDA:521,43,0,0
BRDA:521,43,1,0
BRDA:543,44,0,0
BRDA:543,44,1,0
BRDA:551,45,0,0
BRDA:551,45,1,0
BRDA:551,45,2,0
BRDA:569,46,0,0
BRDA:569,46,1,0
BRDA:579,47,0,0
BRDA:579,47,1,0
BRF:97
BRH:0
end_of_record
TN:
SF:src\services\backgroundServiceManager.js
FN:7,(anonymous_0)
FN:27,(anonymous_1)
FN:49,(anonymous_2)
FN:71,(anonymous_3)
FN:99,(anonymous_4)
FN:109,(anonymous_5)
FN:144,(anonymous_6)
FN:146,(anonymous_7)
FN:176,(anonymous_8)
FN:200,(anonymous_9)
FN:232,(anonymous_10)
FN:249,(anonymous_11)
FN:273,(anonymous_12)
FN:297,(anonymous_13)
FN:318,(anonymous_14)
FN:320,(anonymous_15)
FN:355,(anonymous_16)
FN:372,(anonymous_17)
FN:379,(anonymous_18)
FN:393,(anonymous_19)
FN:410,(anonymous_20)
FN:431,(anonymous_21)
FN:462,(anonymous_22)
FN:488,(anonymous_23)
FN:503,(anonymous_24)
FNF:25
FNH:0
FNDA:0,(anonymous_0)
FNDA:0,(anonymous_1)
FNDA:0,(anonymous_2)
FNDA:0,(anonymous_3)
FNDA:0,(anonymous_4)
FNDA:0,(anonymous_5)
FNDA:0,(anonymous_6)
FNDA:0,(anonymous_7)
FNDA:0,(anonymous_8)
FNDA:0,(anonymous_9)
FNDA:0,(anonymous_10)
FNDA:0,(anonymous_11)
FNDA:0,(anonymous_12)
FNDA:0,(anonymous_13)
FNDA:0,(anonymous_14)
FNDA:0,(anonymous_15)
FNDA:0,(anonymous_16)
FNDA:0,(anonymous_17)
FNDA:0,(anonymous_18)
FNDA:0,(anonymous_19)
FNDA:0,(anonymous_20)
FNDA:0,(anonymous_21)
FNDA:0,(anonymous_22)
FNDA:0,(anonymous_23)
FNDA:0,(anonymous_24)
DA:8,0
DA:9,0
DA:10,0
DA:11,0
DA:16,0
DA:17,0
DA:28,0
DA:29,0
DA:30,0
DA:34,0
DA:37,0
DA:39,0
DA:41,0
DA:42,0
DA:50,0
DA:51,0
DA:55,0
DA:58,0
DA:60,0
DA:61,0
DA:63,0
DA:64,0
DA:72,0
DA:74,0
DA:76,0
DA:77,0
DA:79,0
DA:81,0
DA:82,0
DA:83,0
DA:85,0
DA:87,0
DA:88,0
DA:90,0
DA:92,0
DA:100,0
DA:102,0
DA:104,0
DA:105,0
DA:106,0
DA:109,0
DA:110,0
DA:111,0
DA:112,0
DA:118,0
DA:119,0
DA:123,0
DA:124,0
DA:125,0
DA:126,0
DA:129,0
DA:133,0
DA:134,0
DA:136,0
DA:137,0
DA:145,0
DA:146,0
DA:147,0
DA:154,0
DA:155,0
DA:165,0
DA:166,0
DA:177,0
DA:178,0
DA:179,0
DA:182,0
DA:183,0
DA:185,0
DA:190,0
DA:201,0
DA:203,0
DA:205,0
DA:206,0
DA:207,0
DA:211,0
DA:214,0
DA:216,0
DA:222,0
DA:233,0
DA:234,0
DA:235,0
DA:236,0
DA:237,0
DA:241,0
DA:248,0
DA:250,0
DA:261,0
DA:262,0
DA:269,0
DA:270,0
DA:274,0
DA:275,0
DA:276,0
DA:286,0
DA:287,0
DA:289,0
DA:290,0
DA:298,0
DA:299,0
DA:300,0
DA:301,0
DA:304,0
DA:305,0
DA:310,0
DA:312,0
DA:319,0
DA:320,0
DA:321,0
DA:329,0
DA:342,0
DA:356,0
DA:357,0
DA:358,0
DA:361,0
DA:362,0
DA:364,0
DA:365,0
DA:373,0
DA:380,0
DA:394,0
DA:395,0
DA:396,0
DA:397,0
DA:399,0
DA:402,0
DA:403,0
DA:411,0
DA:412,0
DA:413,0
DA:414,0
DA:421,0
DA:424,0
DA:432,0
DA:434,0
DA:436,0
DA:437,0
DA:442,0
DA:443,0
DA:452,0
DA:463,0
DA:464,0
DA:473,0
DA:474,0
DA:477,0
DA:478,0
DA:480,0
DA:481,0
DA:489,0
DA:504,0
DA:506,0
DA:507,0
DA:510,0
DA:519,0
LF:153
LH:0
BRDA:29,0,0,0
BRDA:29,0,1,0
BRDA:74,1,0,0
BRDA:74,1,1,0
BRDA:74,1,2,0
BRDA:74,1,3,0
BRDA:76,2,0,0
BRDA:76,2,1,0
BRDA:82,3,0,0
BRDA:82,3,1,0
BRDA:87,4,0,0
BRDA:87,4,1,0
BRDA:104,5,0,0
BRDA:104,5,1,0
BRDA:111,6,0,0
BRDA:111,6,1,0
BRDA:118,7,0,0
BRDA:118,7,1,0
BRDA:123,8,0,0
BRDA:123,8,1,0
BRDA:178,9,0,0
BRDA:178,9,1,0
BRDA:205,10,0,0
BRDA:205,10,1,0
BRDA:211,11,0,0
BRDA:211,11,1,0
BRDA:214,12,0,0
BRDA:214,12,1,0
BRDA:214,13,0,0
BRDA:214,13,1,0
BRDA:232,14,0,0
BRDA:234,15,0,0
BRDA:234,15,1,0
BRDA:236,16,0,0
BRDA:236,16,1,0
BRDA:261,17,0,0
BRDA:261,17,1,0
BRDA:269,18,0,0
BRDA:269,18,1,0
BRDA:275,19,0,0
BRDA:275,19,1,0
BRDA:298,20,0,0
BRDA:298,20,1,0
BRDA:304,21,0,0
BRDA:304,21,1,0
BRDA:318,22,0,0
BRDA:355,23,0,0
BRDA:357,24,0,0
BRDA:357,24,1,0
BRDA:357,25,0,0
BRDA:357,25,1,0
BRDA:382,26,0,0
BRDA:382,26,1,0
BRDA:395,27,0,0
BRDA:395,27,1,0
BRDA:412,28,0,0
BRDA:412,28,1,0
BRDA:434,29,0,0
BRDA:434,29,1,0
BRDA:436,30,0,0
BRDA:436,30,1,0
BRDA:436,31,0,0
BRDA:436,31,1,0
BRDA:442,32,0,0
BRDA:442,32,1,0
BRDA:442,33,0,0
BRDA:442,33,1,0
BRDA:462,34,0,0
BRDA:473,35,0,0
BRDA:473,35,1,0
BRDA:493,36,0,0
BRDA:493,36,1,0
BRDA:506,37,0,0
BRDA:506,37,1,0
BRF:74
BRH:0
end_of_record
TN:
SF:src\services\voiceAlertService.js
FN:7,(anonymous_0)
FN:23,(anonymous_1)
FN:32,(anonymous_2)
FN:41,(anonymous_3)
FN:87,(anonymous_4)
FN:101,(anonymous_5)
FN:112,(anonymous_6)
FN:122,(anonymous_7)
FN:151,(anonymous_8)
FN:156,(anonymous_9)
FN:163,(anonymous_10)
FN:179,(anonymous_11)
FN:230,(anonymous_12)
FN:244,(anonymous_13)
FN:258,(anonymous_14)
FN:274,(anonymous_15)
FN:285,(anonymous_16)
FN:294,(anonymous_17)
FN:303,(anonymous_18)
FN:310,(anonymous_19)
FN:313,(anonymous_20)
FN:322,(anonymous_21)
FN:323,(anonymous_22)
FN:329,(anonymous_23)
FN:343,(anonymous_24)
FN:347,(anonymous_25)
FNF:26
FNH:0
FNDA:0,(anonymous_0)
FNDA:0,(anonymous_1)
FNDA:0,(anonymous_2)
FNDA:0,(anonymous_3)
FNDA:0,(anonymous_4)
FNDA:0,(anonymous_5)
FNDA:0,(anonymous_6)
FNDA:0,(anonymous_7)
FNDA:0,(anonymous_8)
FNDA:0,(anonymous_9)
FNDA:0,(anonymous_10)
FNDA:0,(anonymous_11)
FNDA:0,(anonymous_12)
FNDA:0,(anonymous_13)
FNDA:0,(anonymous_14)
FNDA:0,(anonymous_15)
FNDA:0,(anonymous_16)
FNDA:0,(anonymous_17)
FNDA:0,(anonymous_18)
FNDA:0,(anonymous_19)
FNDA:0,(anonymous_20)
FNDA:0,(anonymous_21)
FNDA:0,(anonymous_22)
FNDA:0,(anonymous_23)
FNDA:0,(anonymous_24)
FNDA:0,(anonymous_25)
DA:8,0
DA:9,0
DA:10,0
DA:11,0
DA:12,0
DA:19,0
DA:22,0
DA:23,0
DA:24,0
DA:33,0
DA:34,0
DA:42,0
DA:81,0
DA:88,0
DA:97,0
DA:100,0
DA:101,0
DA:102,0
DA:106,0
DA:122,0
DA:123,0
DA:124,0
DA:125,0
DA:126,0
DA:127,0
DA:131,0
DA:134,0
DA:137,0
DA:138,0
DA:139,0
DA:142,0
DA:143,0
DA:144,0
DA:145,0
DA:147,0
DA:151,0
DA:152,0
DA:153,0
DA:156,0
DA:157,0
DA:158,0
DA:159,0
DA:160,0
DA:163,0
DA:164,0
DA:165,0
DA:166,0
DA:167,0
DA:168,0
DA:172,0
DA:189,0
DA:190,0
DA:192,0
DA:193,0
DA:196,0
DA:204,0
DA:207,0
DA:210,0
DA:218,0
DA:220,0
DA:222,0
DA:223,0
DA:231,0
DA:232,0
DA:245,0
DA:246,0
DA:259,0
DA:263,0
DA:275,0
DA:276,0
DA:278,0
DA:279,0
DA:286,0
DA:287,0
DA:295,0
DA:296,0
DA:304,0
DA:311,0
DA:313,0
DA:314,0
DA:323,0
DA:330,0
DA:344,0
DA:348,0
DA:355,0
LF:85
LH:0
BRDA:22,0,0,0
BRDA:22,0,1,0
BRDA:33,1,0,0
BRDA:33,1,1,0
BRDA:41,2,0,0
BRDA:41,3,0,0
BRDA:81,4,0,0
BRDA:81,4,1,0
BRDA:87,5,0,0
BRDA:97,6,0,0
BRDA:97,6,1,0
BRDA:102,7,0,0
BRDA:102,7,1,0
BRDA:106,8,0,0
BRDA:106,8,1,0
BRDA:114,9,0,0
BRDA:115,10,0,0
BRDA:116,11,0,0
BRDA:117,12,0,0
BRDA:118,13,0,0
BRDA:119,14,0,0
BRDA:120,15,0,0
BRDA:123,16,0,0
BRDA:123,16,1,0
BRDA:125,17,0,0
BRDA:125,17,1,0
BRDA:143,18,0,0
BRDA:143,18,1,0
BRDA:147,19,0,0
BRDA:147,19,1,0
BRDA:153,20,0,0
BRDA:153,20,1,0
BRDA:159,21,0,0
BRDA:159,21,1,0
BRDA:167,22,0,0
BRDA:167,22,1,0
BRDA:180,23,0,0
BRDA:181,24,0,0
BRDA:182,25,0,0
BRDA:183,26,0,0
BRDA:184,27,0,0
BRDA:185,28,0,0
BRDA:186,29,0,0
BRDA:187,30,0,0
BRDA:190,31,0,0
BRDA:190,31,1,0
BRDA:204,32,0,0
BRDA:204,32,1,0
BRDA:218,33,0,0
BRDA:218,33,1,0
BRDA:220,34,0,0
BRDA:220,34,1,0
BRDA:222,35,0,0
BRDA:222,35,1,0
BRDA:230,36,0,0
BRDA:244,37,0,0
BRDA:258,38,0,0
BRDA:258,39,0,0
BRDA:259,40,0,0
BRDA:259,40,1,0
BRDA:275,41,0,0
BRDA:275,41,1,0
BRDA:275,42,0,0
BRDA:275,42,1,0
BRDA:286,43,0,0
BRDA:286,43,1,0
BRDA:286,44,0,0
BRDA:286,44,1,0
BRDA:295,45,0,0
BRDA:295,45,1,0
BRDA:295,46,0,0
BRDA:295,46,1,0
BRDA:304,47,0,0
BRDA:304,47,1,0
BRDA:310,48,0,0
BRDA:311,49,0,0
BRDA:311,49,1,0
BRDA:314,50,0,0
BRDA:314,50,1,0
BRF:79
BRH:0
end_of_record
TN:
SF:src\utils\appUtils.js
FN:15,(anonymous_0)
FN:25,(anonymous_1)
FN:26,(anonymous_2)
FN:45,(anonymous_3)
FN:55,(anonymous_4)
FN:56,(anonymous_5)
FN:74,(anonymous_6)
FN:77,(anonymous_7)
FN:79,(anonymous_8)
FN:84,(anonymous_9)
FN:85,(anonymous_10)
FN:95,(anonymous_11)
FN:103,(anonymous_12)
FN:115,(anonymous_13)
FN:116,(anonymous_14)
FN:171,(anonymous_15)
FN:176,(anonymous_16)
FN:185,(anonymous_17)
FN:191,(anonymous_18)
FN:195,(anonymous_19)
FN:200,(anonymous_20)
FN:209,(anonymous_21)
FN:212,(anonymous_22)
FN:222,(anonymous_23)
FN:230,(anonymous_24)
FN:234,(anonymous_25)
FN:235,(anonymous_26)
FN:259,(anonymous_27)
FN:262,(anonymous_28)
FN:271,(anonymous_29)
FN:284,(anonymous_30)
FN:292,(anonymous_31)
FN:308,(anonymous_32)
FN:335,(anonymous_33)
FN:342,(anonymous_34)
FN:343,(anonymous_35)
FN:359,(anonymous_36)
FN:366,(anonymous_37)
FN:368,executedFunction
FN:369,(anonymous_39)
FN:378,(anonymous_40)
FN:380,(anonymous_41)
FN:384,(anonymous_42)
FN:389,(anonymous_43)
FN:397,(anonymous_44)
FNF:45
FNH:0
FNDA:0,(anonymous_0)
FNDA:0,(anonymous_1)
FNDA:0,(anonymous_2)
FNDA:0,(anonymous_3)
FNDA:0,(anonymous_4)
FNDA:0,(anonymous_5)
FNDA:0,(anonymous_6)
FNDA:0,(anonymous_7)
FNDA:0,(anonymous_8)
FNDA:0,(anonymous_9)
FNDA:0,(anonymous_10)
FNDA:0,(anonymous_11)
FNDA:0,(anonymous_12)
FNDA:0,(anonymous_13)
FNDA:0,(anonymous_14)
FNDA:0,(anonymous_15)
FNDA:0,(anonymous_16)
FNDA:0,(anonymous_17)
FNDA:0,(anonymous_18)
FNDA:0,(anonymous_19)
FNDA:0,(anonymous_20)
FNDA:0,(anonymous_21)
FNDA:0,(anonymous_22)
FNDA:0,(anonymous_23)
FNDA:0,(anonymous_24)
FNDA:0,(anonymous_25)
FNDA:0,(anonymous_26)
FNDA:0,(anonymous_27)
FNDA:0,(anonymous_28)
FNDA:0,(anonymous_29)
FNDA:0,(anonymous_30)
FNDA:0,(anonymous_31)
FNDA:0,(anonymous_32)
FNDA:0,(anonymous_33)
FNDA:0,(anonymous_34)
FNDA:0,(anonymous_35)
FNDA:0,(anonymous_36)
FNDA:0,(anonymous_37)
FNDA:0,executedFunction
FNDA:0,(anonymous_39)
FNDA:0,(anonymous_40)
FNDA:0,(anonymous_41)
FNDA:0,(anonymous_42)
FNDA:0,(anonymous_43)
FNDA:0,(anonymous_44)
DA:5,0
DA:15,0
DA:16,0
DA:25,0
DA:26,0
DA:27,0
DA:28,0
DA:29,0
DA:31,0
DA:41,0
DA:42,0
DA:43,0
DA:45,0
DA:46,0
DA:47,0
DA:51,0
DA:55,0
DA:56,0
DA:57,0
DA:58,0
DA:66,0
DA:70,0
DA:74,0
DA:75,0
DA:77,0
DA:78,0
DA:79,0
DA:80,0
DA:84,0
DA:85,0
DA:86,0
DA:87,0
DA:88,0
DA:89,0
DA:91,0
DA:95,0
DA:96,0
DA:99,0
DA:103,0
DA:113,0
DA:115,0
DA:116,0
DA:117,0
DA:120,0
DA:122,0
DA:123,0
DA:124,0
DA:126,0
DA:128,0
DA:129,0
DA:130,0
DA:132,0
DA:134,0
DA:135,0
DA:136,0
DA:138,0
DA:140,0
DA:141,0
DA:142,0
DA:144,0
DA:146,0
DA:147,0
DA:148,0
DA:150,0
DA:152,0
DA:153,0
DA:154,0
DA:156,0
DA:158,0
DA:159,0
DA:161,0
DA:165,0
DA:166,0
DA:170,0
DA:171,0
DA:176,0
DA:177,0
DA:178,0
DA:179,0
DA:180,0
DA:181,0
DA:183,0
DA:185,0
DA:186,0
DA:191,0
DA:192,0
DA:193,0
DA:195,0
DA:196,0
DA:197,0
DA:200,0
DA:201,0
DA:202,0
DA:205,0
DA:209,0
DA:210,0
DA:212,0
DA:213,0
DA:214,0
DA:222,0
DA:223,0
DA:226,0
DA:230,0
DA:231,0
DA:232,0
DA:234,0
DA:235,0
DA:236,0
DA:238,0
DA:239,0
DA:241,0
DA:242,0
DA:243,0
DA:250,0
DA:252,0
DA:256,0
DA:257,0
DA:259,0
DA:262,0
DA:263,0
DA:264,0
DA:267,0
DA:271,0
DA:279,0
DA:281,0
DA:282,0
DA:284,0
DA:285,0
DA:286,0
DA:292,0
DA:293,0
DA:294,0
DA:295,0
DA:297,0
DA:298,0
DA:302,0
DA:308,0
DA:309,0
DA:311,0
DA:312,0
DA:313,0
DA:314,0
DA:316,0
DA:317,0
DA:318,0
DA:319,0
DA:320,0
DA:322,0
DA:323,0
DA:324,0
DA:325,0
DA:326,0
DA:331,0
DA:335,0
DA:336,0
DA:342,0
DA:343,0
DA:344,0
DA:345,0
DA:346,0
DA:348,0
DA:356,0
DA:357,0
DA:359,0
DA:362,0
DA:366,0
DA:368,0
DA:369,0
DA:370,0
DA:371,0
DA:373,0
DA:374,0
DA:378,0
DA:380,0
DA:381,0
DA:382,0
DA:383,0
DA:384,0
DA:389,0
DA:390,0
DA:391,0
DA:392,0
DA:393,0
DA:394,0
DA:397,0
DA:398,0
LF:186
LH:0
BRDA:8,0,0,0
BRDA:8,0,1,0
BRDA:29,1,0,0
BRDA:29,1,1,0
BRDA:33,2,0,0
BRDA:33,2,1,0
BRDA:36,3,0,0
BRDA:36,3,1,0
BRDA:37,4,0,0
BRDA:37,4,1,0
BRDA:37,5,0,0
BRDA:37,5,1,0
BRDA:37,6,0,0
BRDA:37,6,1,0
BRDA:56,7,0,0
BRDA:57,8,0,0
BRDA:57,8,1,0
BRDA:66,9,0,0
BRDA:66,9,1,0
BRDA:78,10,0,0
BRDA:78,10,1,0
BRDA:78,11,0,0
BRDA:78,11,1,0
BRDA:86,12,0,0
BRDA:86,12,1,0
BRDA:88,13,0,0
BRDA:88,13,1,0
BRDA:88,14,0,0
BRDA:88,14,1,0
BRDA:103,15,0,0
BRDA:105,16,0,0
BRDA:106,17,0,0
BRDA:107,18,0,0
BRDA:108,19,0,0
BRDA:109,20,0,0
BRDA:110,21,0,0
BRDA:111,22,0,0
BRDA:112,23,0,0
BRDA:120,24,0,0
BRDA:120,24,1,0
BRDA:120,24,2,0
BRDA:120,24,3,0
BRDA:120,24,4,0
BRDA:120,24,5,0
BRDA:120,24,6,0
BRDA:122,25,0,0
BRDA:122,25,1,0
BRDA:128,26,0,0
BRDA:128,26,1,0
BRDA:134,27,0,0
BRDA:134,27,1,0
BRDA:140,28,0,0
BRDA:140,28,1,0
BRDA:146,29,0,0
BRDA:146,29,1,0
BRDA:152,30,0,0
BRDA:152,30,1,0
BRDA:158,31,0,0
BRDA:158,31,1,0
BRDA:165,32,0,0
BRDA:165,32,1,0
BRDA:165,33,0,0
BRDA:165,33,1,0
BRDA:176,34,0,0
BRDA:191,35,0,0
BRDA:195,36,0,0
BRDA:212,37,0,0
BRDA:215,38,0,0
BRDA:215,38,1,0
BRDA:241,39,0,0
BRDA:241,39,1,0
BRDA:241,40,0,0
BRDA:241,40,1,0
BRDA:271,41,0,0
BRDA:273,42,0,0
BRDA:274,43,0,0
BRDA:275,44,0,0
BRDA:276,45,0,0
BRDA:277,46,0,0
BRDA:278,47,0,0
BRDA:293,48,0,0
BRDA:293,48,1,0
BRDA:293,49,0,0
BRDA:293,49,1,0
BRDA:297,50,0,0
BRDA:297,50,1,0
BRDA:309,51,0,0
BRDA:309,51,1,0
BRDA:309,52,0,0
BRDA:309,52,1,0
BRDA:316,53,0,0
BRDA:316,53,1,0
BRDA:316,54,0,0
BRDA:316,54,1,0
BRDA:317,55,0,0
BRDA:317,55,1,0
BRDA:317,56,0,0
BRDA:317,56,1,0
BRDA:319,57,0,0
BRDA:319,57,1,0
BRDA:319,58,0,0
BRDA:319,58,1,0
BRDA:322,59,0,0
BRDA:322,59,1,0
BRDA:323,60,0,0
BRDA:323,60,1,0
BRDA:323,61,0,0
BRDA:323,61,1,0
BRDA:325,62,0,0
BRDA:325,62,1,0
BRDA:325,63,0,0
BRDA:325,63,1,0
BRDA:344,64,0,0
BRDA:344,64,1,0
BRDA:346,65,0,0
BRDA:346,65,1,0
BRDA:349,66,0,0
BRDA:349,66,1,0
BRDA:350,67,0,0
BRDA:350,67,1,0
BRDA:351,68,0,0
BRDA:351,68,1,0
BRDA:381,69,0,0
BRDA:381,69,1,0
BRDA:390,70,0,0
BRDA:390,70,1,0
BRF:126
BRH:0
end_of_record
TN:
SF:src\utils\validation.js
FN:7,(anonymous_0)
FN:8,(anonymous_1)
FN:9,(anonymous_2)
FN:20,(anonymous_3)
FN:21,(anonymous_4)
FN:22,(anonymous_5)
FN:23,(anonymous_6)
FN:24,(anonymous_7)
FN:25,(anonymous_8)
FN:26,(anonymous_9)
FN:30,(anonymous_10)
FN:46,(anonymous_11)
FN:47,(anonymous_12)
FN:54,(anonymous_13)
FN:65,(anonymous_14)
FN:66,(anonymous_15)
FN:67,(anonymous_16)
FN:68,(anonymous_17)
FN:69,(anonymous_18)
FN:82,(anonymous_19)
FN:83,(anonymous_20)
FN:93,(anonymous_21)
FN:94,(anonymous_22)
FN:95,(anonymous_23)
FN:96,(anonymous_24)
FN:108,(anonymous_25)
FN:113,(anonymous_26)
FN:125,(anonymous_27)
FN:128,(anonymous_28)
FN:142,(anonymous_29)
FN:155,(anonymous_30)
FN:166,(anonymous_31)
FN:171,(anonymous_32)
FN:178,(anonymous_33)
FN:179,(anonymous_34)
FN:184,(anonymous_35)
FN:191,(anonymous_36)
FN:192,(anonymous_37)
FN:195,(anonymous_38)
FN:201,(anonymous_39)
FN:204,(anonymous_40)
FN:212,(anonymous_41)
FN:232,(anonymous_42)
FN:236,(anonymous_43)
FN:241,(anonymous_44)
FN:246,(anonymous_45)
FNF:46
FNH:0
FNDA:0,(anonymous_0)
FNDA:0,(anonymous_1)
FNDA:0,(anonymous_2)
FNDA:0,(anonymous_3)
FNDA:0,(anonymous_4)
FNDA:0,(anonymous_5)
FNDA:0,(anonymous_6)
FNDA:0,(anonymous_7)
FNDA:0,(anonymous_8)
FNDA:0,(anonymous_9)
FNDA:0,(anonymous_10)
FNDA:0,(anonymous_11)
FNDA:0,(anonymous_12)
FNDA:0,(anonymous_13)
FNDA:0,(anonymous_14)
FNDA:0,(anonymous_15)
FNDA:0,(anonymous_16)
FNDA:0,(anonymous_17)
FNDA:0,(anonymous_18)
FNDA:0,(anonymous_19)
FNDA:0,(anonymous_20)
FNDA:0,(anonymous_21)
FNDA:0,(anonymous_22)
FNDA:0,(anonymous_23)
FNDA:0,(anonymous_24)
FNDA:0,(anonymous_25)
FNDA:0,(anonymous_26)
FNDA:0,(anonymous_27)
FNDA:0,(anonymous_28)
FNDA:0,(anonymous_29)
FNDA:0,(anonymous_30)
FNDA:0,(anonymous_31)
FNDA:0,(anonymous_32)
FNDA:0,(anonymous_33)
FNDA:0,(anonymous_34)
FNDA:0,(anonymous_35)
FNDA:0,(anonymous_36)
FNDA:0,(anonymous_37)
FNDA:0,(anonymous_38)
FNDA:0,(anonymous_39)
FNDA:0,(anonymous_40)
FNDA:0,(anonymous_41)
FNDA:0,(anonymous_42)
FNDA:0,(anonymous_43)
FNDA:0,(anonymous_44)
FNDA:0,(anonymous_45)
DA:4,0
DA:7,0
DA:8,0
DA:10,0
DA:11,0
DA:12,0
DA:13,0
DA:20,0
DA:21,0
DA:22,0
DA:23,0
DA:24,0
DA:25,0
DA:27,0
DA:28,0
DA:31,0
DA:32,0
DA:33,0
DA:34,0
DA:35,0
DA:36,0
DA:37,0
DA:38,0
DA:39,0
DA:46,0
DA:48,0
DA:50,0
DA:52,0
DA:55,0
DA:56,0
DA:57,0
DA:58,0
DA:65,0
DA:66,0
DA:67,0
DA:68,0
DA:70,0
DA:71,0
DA:72,0
DA:73,0
DA:74,0
DA:75,0
DA:82,0
DA:84,0
DA:85,0
DA:86,0
DA:93,0
DA:94,0
DA:95,0
DA:97,0
DA:98,0
DA:99,0
DA:100,0
DA:101,0
DA:108,0
DA:109,0
DA:111,0
DA:113,0
DA:114,0
DA:115,0
DA:116,0
DA:121,0
DA:125,0
DA:126,0
DA:128,0
DA:129,0
DA:130,0
DA:131,0
DA:133,0
DA:134,0
DA:138,0
DA:142,0
DA:143,0
DA:145,0
DA:146,0
DA:155,0
DA:156,0
DA:159,0
DA:160,0
DA:161,0
DA:162,0
DA:166,0
DA:167,0
DA:168,0
DA:169,0
DA:171,0
DA:172,0
DA:173,0
DA:175,0
DA:178,0
DA:179,0
DA:182,0
DA:183,0
DA:184,0
DA:191,0
DA:192,0
DA:194,0
DA:195,0
DA:201,0
DA:202,0
DA:203,0
DA:204,0
DA:205,0
DA:206,0
DA:209,0
DA:212,0
DA:213,0
DA:214,0
DA:215,0
DA:218,0
DA:231,0
DA:233,0
DA:237,0
DA:238,0
DA:242,0
DA:243,0
DA:247,0
DA:248,0
LF:118
LH:0
BRDA:7,0,0,0
BRDA:7,0,1,0
BRDA:8,1,0,0
BRDA:8,1,1,0
BRDA:9,2,0,0
BRDA:10,3,0,0
BRDA:10,3,1,0
BRDA:10,3,2,0
BRDA:20,4,0,0
BRDA:20,4,1,0
BRDA:21,5,0,0
BRDA:21,5,1,0
BRDA:22,6,0,0
BRDA:22,6,1,0
BRDA:23,7,0,0
BRDA:23,7,1,0
BRDA:24,8,0,0
BRDA:24,8,1,0
BRDA:25,9,0,0
BRDA:25,9,1,0
BRDA:28,10,0,0
BRDA:28,10,1,0
BRDA:30,11,0,0
BRDA:31,12,0,0
BRDA:31,12,1,0
BRDA:31,12,2,0
BRDA:31,12,3,0
BRDA:31,12,4,0
BRDA:31,12,5,0
BRDA:31,12,6,0
BRDA:31,12,7,0
BRDA:46,13,0,0
BRDA:46,13,1,0
BRDA:48,14,0,0
BRDA:48,14,1,0
BRDA:54,15,0,0
BRDA:55,16,0,0
BRDA:55,16,1,0
BRDA:55,16,2,0
BRDA:65,17,0,0
BRDA:65,17,1,0
BRDA:66,18,0,0
BRDA:66,18,1,0
BRDA:67,19,0,0
BRDA:67,19,1,0
BRDA:68,20,0,0
BRDA:68,20,1,0
BRDA:69,21,0,0
BRDA:70,22,0,0
BRDA:70,22,1,0
BRDA:70,22,2,0
BRDA:70,22,3,0
BRDA:70,22,4,0
BRDA:82,23,0,0
BRDA:82,23,1,0
BRDA:83,24,0,0
BRDA:84,25,0,0
BRDA:84,25,1,0
BRDA:93,26,0,0
BRDA:93,26,1,0
BRDA:94,27,0,0
BRDA:94,28,0,0
BRDA:94,28,1,0
BRDA:95,29,0,0
BRDA:95,30,0,0
BRDA:95,30,1,0
BRDA:96,31,0,0
BRDA:96,32,0,0
BRDA:96,33,0,0
BRDA:97,34,0,0
BRDA:97,34,1,0
BRDA:97,34,2,0
BRDA:97,34,3,0
BRDA:108,35,0,0
BRDA:111,36,0,0
BRDA:111,36,1,0
BRDA:111,37,0,0
BRDA:111,37,1,0
BRDA:114,38,0,0
BRDA:114,38,1,0
BRDA:114,39,0,0
BRDA:114,39,1,0
BRDA:115,40,0,0
BRDA:115,40,1,0
BRDA:133,41,0,0
BRDA:133,41,1,0
BRDA:143,42,0,0
BRDA:143,42,1,0
BRDA:156,43,0,0
BRDA:156,43,1,0
BRDA:159,44,0,0
BRDA:159,44,1,0
BRDA:160,45,0,0
BRDA:160,45,1,0
BRDA:161,46,0,0
BRDA:161,46,1,0
BRDA:173,47,0,0
BRDA:173,47,1,0
BRDA:182,48,0,0
BRDA:182,48,1,0
BRDA:186,49,0,0
BRDA:186,49,1,0
BRDA:197,50,0,0
BRDA:197,50,1,0
BRDA:237,51,0,0
BRDA:237,51,1,0
BRDA:237,52,0,0
BRDA:237,52,1,0
BRDA:242,53,0,0
BRDA:242,53,1,0
BRDA:247,54,0,0
BRDA:247,54,1,0
BRDA:247,55,0,0
BRDA:247,55,1,0
BRF:114
BRH:0
end_of_record
